#
# There is insufficient memory for the Java Runtime Environment to continue.
# Native memory allocation (malloc) failed to allocate 709456 bytes for Chunk::new
# Possible reasons:
#   The system is out of physical RAM or swap space
#   The process is running with CompressedOops enabled, and the Java Heap may be blocking the growth of the native heap
# Possible solutions:
#   Reduce memory load on the system
#   Increase physical memory or swap space
#   Check if swap backing store is full
#   Decrease Java heap size (-Xmx/-Xms)
#   Decrease number of Java threads
#   Decrease Java thread stack sizes (-Xss)
#   Set larger code cache with -XX:ReservedCodeCacheSize=
#   JVM is running with Unscaled Compressed Oops mode in which the Java heap is
#     placed in the first 4GB address space. The Java Heap base address is the
#     maximum limit for the native heap growth. Please use -XX:HeapBaseMinAddress
#     to set the Java Heap base and to place the Java Heap above 4GB virtual address.
# This output file may be truncated or incomplete.
#
#  Out of Memory Error (./src/hotspot/share/memory/arena.cpp:197), pid=12696, tid=14112
#
# JRE version: OpenJDK Runtime Environment (11.0.8+10) (build 11.0.8+10-b944.6842174)
# Java VM: OpenJDK 64-Bit Server VM (11.0.8+10-b944.6842174, mixed mode, tiered, compressed oops, g1 gc, windows-amd64)
# No core dump will be written. Minidumps are not enabled by default on client versions of Windows
#

---------------  S U M M A R Y ------------

Command Line: --add-opens=java.base/java.util=ALL-UNNAMED --add-opens=java.base/java.lang=ALL-UNNAMED --add-opens=java.base/java.lang.invoke=ALL-UNNAMED --add-opens=java.prefs/java.util.prefs=ALL-UNNAMED -Xmx2048m -Dfile.encoding=UTF-8 -Duser.country=RU -Duser.language=ru -Duser.variant org.gradle.launcher.daemon.bootstrap.GradleDaemon 6.5

Host: AMD Ryzen 5 3500U with Radeon Vega Mobile Gfx  , 8 cores, 14G,  Windows 10 , 64 bit Build 18362 (10.0.18362.1350)
Time: Sun May  9 18:50:36 2021 RTZ 2 (ceia) elapsed time: 781 seconds (0d 0h 13m 1s)

---------------  T H R E A D  ---------------

Current thread (0x0000017a55a72800):  JavaThread "C2 CompilerThread0" daemon [_thread_in_native, id=14112, stack(0x0000000f1ce00000,0x0000000f1cf00000)]


Current CompileTask:
C2: 781435 16356   !   4       java.nio.file.FileTreeWalker::visit (204 bytes)

Stack: [0x0000000f1ce00000,0x0000000f1cf00000]
Native frames: (J=compiled Java code, j=interpreted, Vv=VM code, C=native code)
V  [jvm.dll+0x5de50a]
V  [jvm.dll+0x7122f5]
V  [jvm.dll+0x71384d]
V  [jvm.dll+0x713f03]
V  [jvm.dll+0x23e728]
V  [jvm.dll+0xb899c]
V  [jvm.dll+0xb8e9c]
V  [jvm.dll+0x2b20e4]
V  [jvm.dll+0x502098]
V  [jvm.dll+0x1f8efd]
V  [jvm.dll+0x1f685f]
V  [jvm.dll+0x17f32c]
V  [jvm.dll+0x205047]
V  [jvm.dll+0x203891]
V  [jvm.dll+0x6dad3f]
V  [jvm.dll+0x6d3895]
V  [jvm.dll+0x5dd4a6]
C  [ucrtbase.dll+0x210b2]
C  [KERNEL32.DLL+0x17c24]
C  [ntdll.dll+0x6d721]


---------------  P R O C E S S  ---------------

Threads class SMR info:
_java_thread_list=0x0000017a6ea61d00, length=167, elements={
0x0000017a38d3c000, 0x0000017a55a0e000, 0x0000017a55a17000, 0x0000017a55a2b800,
0x0000017a55a2c800, 0x0000017a55a72800, 0x0000017a55a80800, 0x0000017a55a81000,
0x0000017a55bf0800, 0x0000017a55bf2000, 0x0000017a56e0c000, 0x0000017a56544800,
0x0000017a56e56800, 0x0000017a57a8a000, 0x0000017a57a86800, 0x0000017a57a87800,
0x0000017a568f9800, 0x0000017a568fb000, 0x0000017a586ec000, 0x0000017a586e4800,
0x0000017a586e4000, 0x0000017a586e5800, 0x0000017a586df800, 0x0000017a586e6000,
0x0000017a586e0800, 0x0000017a586e3000, 0x0000017a586e7000, 0x0000017a586e1800,
0x0000017a586e2000, 0x0000017a586e8000, 0x0000017a586ec800, 0x0000017a586ee800,
0x0000017a586e8800, 0x0000017a586e9800, 0x0000017a586eb000, 0x0000017a586ea800,
0x0000017a568f7000, 0x0000017a568fc000, 0x0000017a568fc800, 0x0000017a568fd800,
0x0000017a568f8000, 0x0000017a568fe800, 0x0000017a568f8800, 0x0000017a56901000,
0x0000017a56901800, 0x0000017a56902800, 0x0000017a568ff000, 0x0000017a56903000,
0x0000017a56904000, 0x0000017a56900000, 0x0000017a57a85000, 0x0000017a57a88800,
0x0000017a57a86000, 0x0000017a57a89000, 0x0000017a57a8b000, 0x0000017a57a8b800,
0x0000017a5678c000, 0x0000017a5678a800, 0x0000017a5678b800, 0x0000017a5678d000,
0x0000017a5678e800, 0x0000017a5678e000, 0x0000017a56789800, 0x0000017a56789000,
0x0000017a56792000, 0x0000017a56790000, 0x0000017a56794800, 0x0000017a56795000,
0x0000017a56793800, 0x0000017a5678f800, 0x0000017a56792800, 0x0000017a56796000,
0x0000017a56796800, 0x0000017a56791000, 0x0000017a56797800, 0x0000017a644ac800,
0x0000017a644ad800, 0x0000017a644ae800, 0x0000017a644af000, 0x0000017a644b0000,
0x0000017a644aa800, 0x0000017a644b1000, 0x0000017a644ac000, 0x0000017a644ab000,
0x0000017a644b6800, 0x0000017a644b5800, 0x0000017a644b2800, 0x0000017a644b7800,
0x0000017a644b1800, 0x0000017a644b8000, 0x0000017a644b9000, 0x0000017a644b3000,
0x0000017a644b4000, 0x0000017a644b5000, 0x0000017a5a3b7800, 0x0000017a5a3ba000,
0x0000017a5a3b8800, 0x0000017a5a3b5800, 0x0000017a5a3b9800, 0x0000017a5a3b7000,
0x0000017a5a3bc000, 0x0000017a5a3b6000, 0x0000017a5a3bb000, 0x0000017a5a1ef800,
0x0000017a5a1ee000, 0x0000017a5a1ec800, 0x0000017a5a1ed000, 0x0000017a5a1ef000,
0x0000017a5a1f0800, 0x0000017a5a1f1000, 0x0000017a5a1eb800, 0x0000017a5a1f5800,
0x0000017a5a1f6000, 0x0000017a5a1f4800, 0x0000017a5a1f3000, 0x0000017a5a1f7000,
0x0000017a5a1f7800, 0x0000017a5a1f2000, 0x0000017a5a1f8800, 0x0000017a5a1f9800,
0x0000017a5a1f3800, 0x0000017a5a1fa000, 0x0000017a5b2e2000, 0x0000017a5b2e5800,
0x0000017a5b2e3000, 0x0000017a5b2e4800, 0x0000017a5b2e4000, 0x0000017a5b2e6000,
0x0000017a5b2e0800, 0x0000017a5b2e7000, 0x0000017a5b2e1800, 0x0000017a5b2ed000,
0x0000017a5b2ec000, 0x0000017a5b2e9800, 0x0000017a5b2ed800, 0x0000017a5b2e8000,
0x0000017a5b2ee800, 0x0000017a5b2e8800, 0x0000017a5b2eb000, 0x0000017a5b2ef000,
0x0000017a5b2ea800, 0x0000017a6efe7000, 0x0000017a6efe9800, 0x0000017a6efe8800,
0x0000017a6efe8000, 0x0000017a6efe6000, 0x0000017a6efe5800, 0x0000017a6efea800,
0x0000017a6efe4800, 0x0000017a6efeb000, 0x0000017a6eff0000, 0x0000017a6eff1000,
0x0000017a6efee800, 0x0000017a6eff1800, 0x0000017a6efec000, 0x0000017a5b12d800,
0x0000017a5b12e800, 0x0000017a5b132800, 0x0000017a5b12f000, 0x0000017a5b130000,
0x0000017a5b131000, 0x0000017a5b131800, 0x0000017a5b12c800, 0x0000017a5b133800,
0x0000017a5b13a000, 0x0000017a6e238800, 0x0000017a5691a800
}

Java Threads: ( => current thread )
  0x0000017a38d3c000 JavaThread "main" [_thread_blocked, id=2884, stack(0x0000000f1c300000,0x0000000f1c400000)]
  0x0000017a55a0e000 JavaThread "Reference Handler" daemon [_thread_blocked, id=19336, stack(0x0000000f1ca00000,0x0000000f1cb00000)]
  0x0000017a55a17000 JavaThread "Finalizer" daemon [_thread_blocked, id=16120, stack(0x0000000f1cb00000,0x0000000f1cc00000)]
  0x0000017a55a2b800 JavaThread "Signal Dispatcher" daemon [_thread_blocked, id=23232, stack(0x0000000f1cc00000,0x0000000f1cd00000)]
  0x0000017a55a2c800 JavaThread "Attach Listener" daemon [_thread_blocked, id=1136, stack(0x0000000f1cd00000,0x0000000f1ce00000)]
=>0x0000017a55a72800 JavaThread "C2 CompilerThread0" daemon [_thread_in_native, id=14112, stack(0x0000000f1ce00000,0x0000000f1cf00000)]
  0x0000017a55a80800 JavaThread "C1 CompilerThread0" daemon [_thread_blocked, id=14816, stack(0x0000000f1cf00000,0x0000000f1d000000)]
  0x0000017a55a81000 JavaThread "Sweeper thread" daemon [_thread_blocked, id=25932, stack(0x0000000f1d000000,0x0000000f1d100000)]
  0x0000017a55bf0800 JavaThread "Common-Cleaner" daemon [_thread_blocked, id=18348, stack(0x0000000f1d100000,0x0000000f1d200000)]
  0x0000017a55bf2000 JavaThread "Service Thread" daemon [_thread_blocked, id=8000, stack(0x0000000f1d200000,0x0000000f1d300000)]
  0x0000017a56e0c000 JavaThread "Daemon health stats" [_thread_blocked, id=1116, stack(0x0000000f1d900000,0x0000000f1da00000)]
  0x0000017a56544800 JavaThread "Incoming local TCP Connector on port 57858" [_thread_in_native, id=5352, stack(0x0000000f1db00000,0x0000000f1dc00000)]
  0x0000017a56e56800 JavaThread "Daemon periodic checks" [_thread_blocked, id=21888, stack(0x0000000f1dc00000,0x0000000f1dd00000)]
  0x0000017a57a8a000 JavaThread "Cache worker for journal cache (C:\Users\progr\.gradle\caches\journal-1)" [_thread_blocked, id=28156, stack(0x0000000f1e500000,0x0000000f1e600000)]
  0x0000017a57a86800 JavaThread "File lock request listener" [_thread_in_native, id=26988, stack(0x0000000f1e600000,0x0000000f1e700000)]
  0x0000017a57a87800 JavaThread "Cache worker for file hash cache (C:\Users\progr\.gradle\caches\6.5\fileHashes)" [_thread_blocked, id=724, stack(0x0000000f1e700000,0x0000000f1e800000)]
  0x0000017a568f9800 JavaThread "Cache worker for execution history cache (C:\Users\progr\.gradle\caches\6.5\executionHistory)" [_thread_blocked, id=8484, stack(0x0000000f20500000,0x0000000f20600000)]
  0x0000017a568fb000 JavaThread "Cache worker for file content cache (C:\Users\progr\.gradle\caches\6.5\fileContent)" [_thread_blocked, id=23624, stack(0x0000000f20600000,0x0000000f20700000)]
  0x0000017a586ec000 JavaThread "Memory manager" [_thread_blocked, id=6352, stack(0x0000000f27200000,0x0000000f27300000)]
  0x0000017a586e4800 JavaThread "Daemon Thread 2" [_thread_blocked, id=11912, stack(0x0000000f1c000000,0x0000000f1c100000)]
  0x0000017a586e4000 JavaThread "Handler for socket connection from /127.0.0.1:57858 to /127.0.0.1:57980" [_thread_in_native, id=27280, stack(0x0000000f1c100000,0x0000000f1c200000)]
  0x0000017a586e5800 JavaThread "Cancel handler" [_thread_blocked, id=25860, stack(0x0000000f1c200000,0x0000000f1c300000)]
  0x0000017a586df800 JavaThread "Daemon worker Thread 2" [_thread_blocked, id=16100, stack(0x0000000f1d400000,0x0000000f1d500000)]
  0x0000017a586e6000 JavaThread "Asynchronous log dispatcher for DefaultDaemonConnection: socket connection from /127.0.0.1:57858 to /127.0.0.1:57980" [_thread_blocked, id=25060, stack(0x0000000f1da00000,0x0000000f1db00000)]
  0x0000017a586e0800 JavaThread "Stdin handler" [_thread_blocked, id=9936, stack(0x0000000f1dd00000,0x0000000f1de00000)]
  0x0000017a586e3000 JavaThread "Thread-155" [_thread_blocked, id=21448, stack(0x0000000f1de00000,0x0000000f1df00000)]
  0x0000017a586e7000 JavaThread "Cache worker for file hash cache (D:\Programming_for_Android\Event\.gradle\6.5\fileHashes)" [_thread_blocked, id=27744, stack(0x0000000f1df00000,0x0000000f1e000000)]
  0x0000017a586e1800 JavaThread "Cache worker for checksums cache (D:\Programming_for_Android\Event\.gradle\checksums)" [_thread_blocked, id=15848, stack(0x0000000f1e000000,0x0000000f1e100000)]
  0x0000017a586e2000 JavaThread "Cache worker for cache directory md-supplier (C:\Users\progr\.gradle\caches\6.5\md-supplier)" [_thread_blocked, id=20256, stack(0x0000000f1e100000,0x0000000f1e200000)]
  0x0000017a586e8000 JavaThread "Cache worker for cache directory md-rule (C:\Users\progr\.gradle\caches\6.5\md-rule)" [_thread_blocked, id=27840, stack(0x0000000f1e200000,0x0000000f1e300000)]
  0x0000017a586ec800 JavaThread "Build operations" [_thread_blocked, id=11820, stack(0x0000000f1ec00000,0x0000000f1ed00000)]
  0x0000017a586ee800 JavaThread "Build operations Thread 2" [_thread_blocked, id=20996, stack(0x0000000f1ed00000,0x0000000f1ee00000)]
  0x0000017a586e8800 JavaThread "Build operations Thread 3" [_thread_blocked, id=26436, stack(0x0000000f1ee00000,0x0000000f1ef00000)]
  0x0000017a586e9800 JavaThread "Build operations Thread 4" [_thread_blocked, id=27704, stack(0x0000000f1ef00000,0x0000000f1f000000)]
  0x0000017a586eb000 JavaThread "Build operations Thread 5" [_thread_blocked, id=24592, stack(0x0000000f1f000000,0x0000000f1f100000)]
  0x0000017a586ea800 JavaThread "Build operations Thread 6" [_thread_blocked, id=2640, stack(0x0000000f1f100000,0x0000000f1f200000)]
  0x0000017a568f7000 JavaThread "Build operations Thread 7" [_thread_blocked, id=1216, stack(0x0000000f1f200000,0x0000000f1f300000)]
  0x0000017a568fc000 JavaThread "Build operations Thread 8" [_thread_blocked, id=17016, stack(0x0000000f1f300000,0x0000000f1f400000)]
  0x0000017a568fc800 JavaThread "jar transforms Thread 116" [_thread_blocked, id=1056, stack(0x0000000f1f400000,0x0000000f1f500000)]
  0x0000017a568fd800 JavaThread "jar transforms Thread 117" [_thread_blocked, id=19720, stack(0x0000000f1f500000,0x0000000f1f600000)]
  0x0000017a568f8000 JavaThread "jar transforms Thread 118" [_thread_blocked, id=24308, stack(0x0000000f1f600000,0x0000000f1f700000)]
  0x0000017a568fe800 JavaThread "jar transforms Thread 119" [_thread_blocked, id=17244, stack(0x0000000f1f700000,0x0000000f1f800000)]
  0x0000017a568f8800 JavaThread "jar transforms Thread 120" [_thread_blocked, id=25868, stack(0x0000000f1f800000,0x0000000f1f900000)]
  0x0000017a56901000 JavaThread "jar transforms Thread 121" [_thread_blocked, id=8300, stack(0x0000000f1f900000,0x0000000f1fa00000)]
  0x0000017a56901800 JavaThread "jar transforms Thread 122" [_thread_blocked, id=25184, stack(0x0000000f1fa00000,0x0000000f1fb00000)]
  0x0000017a56902800 JavaThread "jar transforms Thread 123" [_thread_blocked, id=21424, stack(0x0000000f1fb00000,0x0000000f1fc00000)]
  0x0000017a568ff000 JavaThread "jar transforms Thread 124" [_thread_blocked, id=26192, stack(0x0000000f1fc00000,0x0000000f1fd00000)]
  0x0000017a56903000 JavaThread "jar transforms Thread 125" [_thread_blocked, id=24096, stack(0x0000000f1fd00000,0x0000000f1fe00000)]
  0x0000017a56904000 JavaThread "jar transforms Thread 126" [_thread_blocked, id=4892, stack(0x0000000f1fe00000,0x0000000f1ff00000)]
  0x0000017a56900000 JavaThread "jar transforms Thread 127" [_thread_blocked, id=16236, stack(0x0000000f1ff00000,0x0000000f20000000)]
  0x0000017a57a85000 JavaThread "jar transforms Thread 128" [_thread_blocked, id=4592, stack(0x0000000f20000000,0x0000000f20100000)]
  0x0000017a57a88800 JavaThread "jar transforms Thread 129" [_thread_blocked, id=28152, stack(0x0000000f20100000,0x0000000f20200000)]
  0x0000017a57a86000 JavaThread "jar transforms Thread 130" [_thread_blocked, id=18712, stack(0x0000000f20200000,0x0000000f20300000)]
  0x0000017a57a89000 JavaThread "jar transforms Thread 131" [_thread_blocked, id=12304, stack(0x0000000f20300000,0x0000000f20400000)]
  0x0000017a57a8b000 JavaThread "jar transforms Thread 132" [_thread_blocked, id=22244, stack(0x0000000f20900000,0x0000000f20a00000)]
  0x0000017a57a8b800 JavaThread "jar transforms Thread 133" [_thread_blocked, id=27244, stack(0x0000000f20a00000,0x0000000f20b00000)]
  0x0000017a5678c000 JavaThread "jar transforms Thread 134" [_thread_blocked, id=28488, stack(0x0000000f20b00000,0x0000000f20c00000)]
  0x0000017a5678a800 JavaThread "jar transforms Thread 135" [_thread_blocked, id=27760, stack(0x0000000f20c00000,0x0000000f20d00000)]
  0x0000017a5678b800 JavaThread "jar transforms Thread 136" [_thread_blocked, id=22888, stack(0x0000000f20d00000,0x0000000f20e00000)]
  0x0000017a5678d000 JavaThread "jar transforms Thread 137" [_thread_blocked, id=27876, stack(0x0000000f20e00000,0x0000000f20f00000)]
  0x0000017a5678e800 JavaThread "jar transforms Thread 138" [_thread_blocked, id=23032, stack(0x0000000f20f00000,0x0000000f21000000)]
  0x0000017a5678e000 JavaThread "jar transforms Thread 139" [_thread_blocked, id=19528, stack(0x0000000f21000000,0x0000000f21100000)]
  0x0000017a56789800 JavaThread "jar transforms Thread 140" [_thread_blocked, id=8108, stack(0x0000000f21100000,0x0000000f21200000)]
  0x0000017a56789000 JavaThread "jar transforms Thread 141" [_thread_blocked, id=28352, stack(0x0000000f21200000,0x0000000f21300000)]
  0x0000017a56792000 JavaThread "jar transforms Thread 142" [_thread_blocked, id=13860, stack(0x0000000f21300000,0x0000000f21400000)]
  0x0000017a56790000 JavaThread "jar transforms Thread 143" [_thread_blocked, id=13420, stack(0x0000000f21400000,0x0000000f21500000)]
  0x0000017a56794800 JavaThread "jar transforms Thread 144" [_thread_blocked, id=28196, stack(0x0000000f21500000,0x0000000f21600000)]
  0x0000017a56795000 JavaThread "jar transforms Thread 145" [_thread_blocked, id=23644, stack(0x0000000f21600000,0x0000000f21700000)]
  0x0000017a56793800 JavaThread "jar transforms Thread 146" [_thread_blocked, id=19340, stack(0x0000000f21700000,0x0000000f21800000)]
  0x0000017a5678f800 JavaThread "jar transforms Thread 147" [_thread_blocked, id=25992, stack(0x0000000f21800000,0x0000000f21900000)]
  0x0000017a56792800 JavaThread "jar transforms Thread 148" [_thread_blocked, id=24364, stack(0x0000000f21900000,0x0000000f21a00000)]
  0x0000017a56796000 JavaThread "jar transforms Thread 149" [_thread_blocked, id=26088, stack(0x0000000f21a00000,0x0000000f21b00000)]
  0x0000017a56796800 JavaThread "jar transforms Thread 150" [_thread_blocked, id=5056, stack(0x0000000f21b00000,0x0000000f21c00000)]
  0x0000017a56791000 JavaThread "jar transforms Thread 151" [_thread_blocked, id=17144, stack(0x0000000f21c00000,0x0000000f21d00000)]
  0x0000017a56797800 JavaThread "jar transforms Thread 152" [_thread_blocked, id=24140, stack(0x0000000f21d00000,0x0000000f21e00000)]
  0x0000017a644ac800 JavaThread "jar transforms Thread 153" [_thread_blocked, id=10124, stack(0x0000000f21e00000,0x0000000f21f00000)]
  0x0000017a644ad800 JavaThread "jar transforms Thread 154" [_thread_blocked, id=26284, stack(0x0000000f21f00000,0x0000000f22000000)]
  0x0000017a644ae800 JavaThread "jar transforms Thread 155" [_thread_blocked, id=18996, stack(0x0000000f22000000,0x0000000f22100000)]
  0x0000017a644af000 JavaThread "jar transforms Thread 156" [_thread_blocked, id=13300, stack(0x0000000f22100000,0x0000000f22200000)]
  0x0000017a644b0000 JavaThread "jar transforms Thread 157" [_thread_blocked, id=27680, stack(0x0000000f22200000,0x0000000f22300000)]
  0x0000017a644aa800 JavaThread "jar transforms Thread 158" [_thread_blocked, id=21864, stack(0x0000000f22300000,0x0000000f22400000)]
  0x0000017a644b1000 JavaThread "jar transforms Thread 159" [_thread_blocked, id=6704, stack(0x0000000f22400000,0x0000000f22500000)]
  0x0000017a644ac000 JavaThread "jar transforms Thread 160" [_thread_blocked, id=28212, stack(0x0000000f22500000,0x0000000f22600000)]
  0x0000017a644ab000 JavaThread "jar transforms Thread 161" [_thread_blocked, id=3192, stack(0x0000000f22600000,0x0000000f22700000)]
  0x0000017a644b6800 JavaThread "jar transforms Thread 162" [_thread_blocked, id=5612, stack(0x0000000f22700000,0x0000000f22800000)]
  0x0000017a644b5800 JavaThread "jar transforms Thread 163" [_thread_blocked, id=26708, stack(0x0000000f22800000,0x0000000f22900000)]
  0x0000017a644b2800 JavaThread "jar transforms Thread 164" [_thread_blocked, id=22816, stack(0x0000000f22900000,0x0000000f22a00000)]
  0x0000017a644b7800 JavaThread "jar transforms Thread 165" [_thread_blocked, id=28388, stack(0x0000000f22a00000,0x0000000f22b00000)]
  0x0000017a644b1800 JavaThread "jar transforms Thread 166" [_thread_blocked, id=24152, stack(0x0000000f22b00000,0x0000000f22c00000)]
  0x0000017a644b8000 JavaThread "jar transforms Thread 167" [_thread_blocked, id=19948, stack(0x0000000f22c00000,0x0000000f22d00000)]
  0x0000017a644b9000 JavaThread "jar transforms Thread 168" [_thread_blocked, id=26968, stack(0x0000000f22d00000,0x0000000f22e00000)]
  0x0000017a644b3000 JavaThread "jar transforms Thread 169" [_thread_blocked, id=12160, stack(0x0000000f22e00000,0x0000000f22f00000)]
  0x0000017a644b4000 JavaThread "jar transforms Thread 170" [_thread_blocked, id=14728, stack(0x0000000f22f00000,0x0000000f23000000)]
  0x0000017a644b5000 JavaThread "jar transforms Thread 171" [_thread_blocked, id=10416, stack(0x0000000f23000000,0x0000000f23100000)]
  0x0000017a5a3b7800 JavaThread "jar transforms Thread 172" [_thread_blocked, id=24324, stack(0x0000000f23100000,0x0000000f23200000)]
  0x0000017a5a3ba000 JavaThread "jar transforms Thread 173" [_thread_blocked, id=21116, stack(0x0000000f23200000,0x0000000f23300000)]
  0x0000017a5a3b8800 JavaThread "jar transforms Thread 174" [_thread_blocked, id=16952, stack(0x0000000f23300000,0x0000000f23400000)]
  0x0000017a5a3b5800 JavaThread "jar transforms Thread 175" [_thread_blocked, id=10080, stack(0x0000000f23400000,0x0000000f23500000)]
  0x0000017a5a3b9800 JavaThread "jar transforms Thread 176" [_thread_blocked, id=17304, stack(0x0000000f23500000,0x0000000f23600000)]
  0x0000017a5a3b7000 JavaThread "jar transforms Thread 177" [_thread_blocked, id=16172, stack(0x0000000f23600000,0x0000000f23700000)]
  0x0000017a5a3bc000 JavaThread "jar transforms Thread 178" [_thread_blocked, id=25188, stack(0x0000000f23700000,0x0000000f23800000)]
  0x0000017a5a3b6000 JavaThread "jar transforms Thread 179" [_thread_blocked, id=8328, stack(0x0000000f23800000,0x0000000f23900000)]
  0x0000017a5a3bb000 JavaThread "jar transforms Thread 180" [_thread_blocked, id=27996, stack(0x0000000f23900000,0x0000000f23a00000)]
  0x0000017a5a1ef800 JavaThread "jar transforms Thread 181" [_thread_blocked, id=6928, stack(0x0000000f23a00000,0x0000000f23b00000)]
  0x0000017a5a1ee000 JavaThread "jar transforms Thread 182" [_thread_blocked, id=27432, stack(0x0000000f23b00000,0x0000000f23c00000)]
  0x0000017a5a1ec800 JavaThread "jar transforms Thread 183" [_thread_blocked, id=27688, stack(0x0000000f23c00000,0x0000000f23d00000)]
  0x0000017a5a1ed000 JavaThread "jar transforms Thread 184" [_thread_blocked, id=13208, stack(0x0000000f23d00000,0x0000000f23e00000)]
  0x0000017a5a1ef000 JavaThread "jar transforms Thread 185" [_thread_blocked, id=27400, stack(0x0000000f23e00000,0x0000000f23f00000)]
  0x0000017a5a1f0800 JavaThread "jar transforms Thread 186" [_thread_blocked, id=13548, stack(0x0000000f23f00000,0x0000000f24000000)]
  0x0000017a5a1f1000 JavaThread "jar transforms Thread 187" [_thread_blocked, id=14256, stack(0x0000000f24000000,0x0000000f24100000)]
  0x0000017a5a1eb800 JavaThread "jar transforms Thread 188" [_thread_blocked, id=3532, stack(0x0000000f24100000,0x0000000f24200000)]
  0x0000017a5a1f5800 JavaThread "jar transforms Thread 189" [_thread_blocked, id=28272, stack(0x0000000f24200000,0x0000000f24300000)]
  0x0000017a5a1f6000 JavaThread "jar transforms Thread 190" [_thread_blocked, id=6244, stack(0x0000000f24300000,0x0000000f24400000)]
  0x0000017a5a1f4800 JavaThread "jar transforms Thread 191" [_thread_blocked, id=28524, stack(0x0000000f24400000,0x0000000f24500000)]
  0x0000017a5a1f3000 JavaThread "jar transforms Thread 192" [_thread_blocked, id=17204, stack(0x0000000f24500000,0x0000000f24600000)]
  0x0000017a5a1f7000 JavaThread "jar transforms Thread 193" [_thread_blocked, id=19656, stack(0x0000000f24600000,0x0000000f24700000)]
  0x0000017a5a1f7800 JavaThread "jar transforms Thread 194" [_thread_blocked, id=21900, stack(0x0000000f24700000,0x0000000f24800000)]
  0x0000017a5a1f2000 JavaThread "jar transforms Thread 195" [_thread_blocked, id=9864, stack(0x0000000f24800000,0x0000000f24900000)]
  0x0000017a5a1f8800 JavaThread "jar transforms Thread 196" [_thread_blocked, id=27184, stack(0x0000000f24900000,0x0000000f24a00000)]
  0x0000017a5a1f9800 JavaThread "jar transforms Thread 197" [_thread_blocked, id=27188, stack(0x0000000f24a00000,0x0000000f24b00000)]
  0x0000017a5a1f3800 JavaThread "jar transforms Thread 198" [_thread_blocked, id=12508, stack(0x0000000f24b00000,0x0000000f24c00000)]
  0x0000017a5a1fa000 JavaThread "jar transforms Thread 199" [_thread_blocked, id=24620, stack(0x0000000f24c00000,0x0000000f24d00000)]
  0x0000017a5b2e2000 JavaThread "jar transforms Thread 200" [_thread_blocked, id=2252, stack(0x0000000f24d00000,0x0000000f24e00000)]
  0x0000017a5b2e5800 JavaThread "jar transforms Thread 201" [_thread_blocked, id=16036, stack(0x0000000f24e00000,0x0000000f24f00000)]
  0x0000017a5b2e3000 JavaThread "jar transforms Thread 202" [_thread_blocked, id=27804, stack(0x0000000f24f00000,0x0000000f25000000)]
  0x0000017a5b2e4800 JavaThread "jar transforms Thread 203" [_thread_blocked, id=28328, stack(0x0000000f25000000,0x0000000f25100000)]
  0x0000017a5b2e4000 JavaThread "jar transforms Thread 204" [_thread_blocked, id=16656, stack(0x0000000f25100000,0x0000000f25200000)]
  0x0000017a5b2e6000 JavaThread "jar transforms Thread 205" [_thread_blocked, id=27752, stack(0x0000000f25200000,0x0000000f25300000)]
  0x0000017a5b2e0800 JavaThread "jar transforms Thread 206" [_thread_blocked, id=27772, stack(0x0000000f25300000,0x0000000f25400000)]
  0x0000017a5b2e7000 JavaThread "jar transforms Thread 207" [_thread_blocked, id=28652, stack(0x0000000f25400000,0x0000000f25500000)]
  0x0000017a5b2e1800 JavaThread "jar transforms Thread 208" [_thread_blocked, id=10024, stack(0x0000000f25500000,0x0000000f25600000)]
  0x0000017a5b2ed000 JavaThread "jar transforms Thread 209" [_thread_blocked, id=16704, stack(0x0000000f25600000,0x0000000f25700000)]
  0x0000017a5b2ec000 JavaThread "jar transforms Thread 210" [_thread_blocked, id=28512, stack(0x0000000f25700000,0x0000000f25800000)]
  0x0000017a5b2e9800 JavaThread "jar transforms Thread 211" [_thread_blocked, id=27668, stack(0x0000000f25800000,0x0000000f25900000)]
  0x0000017a5b2ed800 JavaThread "jar transforms Thread 212" [_thread_blocked, id=19536, stack(0x0000000f25900000,0x0000000f25a00000)]
  0x0000017a5b2e8000 JavaThread "jar transforms Thread 213" [_thread_blocked, id=28372, stack(0x0000000f25a00000,0x0000000f25b00000)]
  0x0000017a5b2ee800 JavaThread "jar transforms Thread 214" [_thread_blocked, id=3360, stack(0x0000000f25b00000,0x0000000f25c00000)]
  0x0000017a5b2e8800 JavaThread "jar transforms Thread 215" [_thread_blocked, id=25544, stack(0x0000000f25c00000,0x0000000f25d00000)]
  0x0000017a5b2eb000 JavaThread "jar transforms Thread 216" [_thread_blocked, id=19648, stack(0x0000000f25d00000,0x0000000f25e00000)]
  0x0000017a5b2ef000 JavaThread "jar transforms Thread 217" [_thread_blocked, id=15932, stack(0x0000000f25e00000,0x0000000f25f00000)]
  0x0000017a5b2ea800 JavaThread "jar transforms Thread 218" [_thread_blocked, id=23760, stack(0x0000000f25f00000,0x0000000f26000000)]
  0x0000017a6efe7000 JavaThread "jar transforms Thread 219" [_thread_blocked, id=4824, stack(0x0000000f26000000,0x0000000f26100000)]
  0x0000017a6efe9800 JavaThread "jar transforms Thread 220" [_thread_blocked, id=15120, stack(0x0000000f26100000,0x0000000f26200000)]
  0x0000017a6efe8800 JavaThread "jar transforms Thread 221" [_thread_blocked, id=12516, stack(0x0000000f26200000,0x0000000f26300000)]
  0x0000017a6efe8000 JavaThread "jar transforms Thread 222" [_thread_blocked, id=3828, stack(0x0000000f26300000,0x0000000f26400000)]
  0x0000017a6efe6000 JavaThread "jar transforms Thread 223" [_thread_blocked, id=8016, stack(0x0000000f26400000,0x0000000f26500000)]
  0x0000017a6efe5800 JavaThread "jar transforms Thread 224" [_thread_blocked, id=26452, stack(0x0000000f26500000,0x0000000f26600000)]
  0x0000017a6efea800 JavaThread "jar transforms Thread 225" [_thread_blocked, id=6524, stack(0x0000000f26600000,0x0000000f26700000)]
  0x0000017a6efe4800 JavaThread "jar transforms Thread 226" [_thread_blocked, id=24980, stack(0x0000000f26700000,0x0000000f26800000)]
  0x0000017a6efeb000 JavaThread "jar transforms Thread 227" [_thread_blocked, id=22844, stack(0x0000000f26800000,0x0000000f26900000)]
  0x0000017a6eff0000 JavaThread "jar transforms Thread 228" [_thread_blocked, id=23976, stack(0x0000000f26900000,0x0000000f26a00000)]
  0x0000017a6eff1000 JavaThread "jar transforms Thread 229" [_thread_blocked, id=24768, stack(0x0000000f26a00000,0x0000000f26b00000)]
  0x0000017a6efee800 JavaThread "jar transforms Thread 230" [_thread_blocked, id=27368, stack(0x0000000f26b00000,0x0000000f26c00000)]
  0x0000017a6eff1800 JavaThread "Cache worker for Build Output Cleanup Cache (D:\Programming_for_Android\Event\.gradle\buildOutputCleanup)" [_thread_blocked, id=25376, stack(0x0000000f26c00000,0x0000000f26d00000)]
  0x0000017a6efec000 JavaThread "Cache worker for file content cache (D:\Programming_for_Android\Event\.gradle\6.5\fileContent)" [_thread_blocked, id=24476, stack(0x0000000f26d00000,0x0000000f26e00000)]
  0x0000017a5b12d800 JavaThread "Execution worker for ':'" [_thread_in_native, id=26292, stack(0x0000000f26e00000,0x0000000f26f00000)]
  0x0000017a5b12e800 JavaThread "Execution worker for ':' Thread 2" [_thread_blocked, id=26248, stack(0x0000000f26f00000,0x0000000f27000000)]
  0x0000017a5b132800 JavaThread "Execution worker for ':' Thread 3" [_thread_blocked, id=22380, stack(0x0000000f27000000,0x0000000f27100000)]
  0x0000017a5b12f000 JavaThread "Execution worker for ':' Thread 4" [_thread_blocked, id=27308, stack(0x0000000f27100000,0x0000000f27200000)]
  0x0000017a5b130000 JavaThread "Execution worker for ':' Thread 5" [_thread_blocked, id=8396, stack(0x0000000f27300000,0x0000000f27400000)]
  0x0000017a5b131000 JavaThread "Execution worker for ':' Thread 6" [_thread_blocked, id=5760, stack(0x0000000f27400000,0x0000000f27500000)]
  0x0000017a5b131800 JavaThread "Execution worker for ':' Thread 7" [_thread_blocked, id=28108, stack(0x0000000f27500000,0x0000000f27600000)]
  0x0000017a5b12c800 JavaThread "Cache worker for execution history cache (D:\Programming_for_Android\Event\.gradle\6.5\executionHistory)" [_thread_blocked, id=28068, stack(0x0000000f27600000,0x0000000f27700000)]
  0x0000017a5b133800 JavaThread "Cache worker for Java compile cache (C:\Users\progr\.gradle\caches\6.5\javaCompile)" [_thread_blocked, id=18864, stack(0x0000000f27700000,0x0000000f27800000)]
  0x0000017a5b13a000 JavaThread "Cache worker for Java compile cache (D:\Programming_for_Android\Event\.gradle\6.5\javaCompile)" [_thread_blocked, id=21608, stack(0x0000000f27800000,0x0000000f27900000)]
  0x0000017a6e238800 JavaThread "C2 CompilerThread1" daemon [_thread_in_native, id=9880, stack(0x0000000f1e300000,0x0000000f1e400000)]
  0x0000017a5691a800 JavaThread "C2 CompilerThread2" daemon [_thread_in_native, id=2736, stack(0x0000000f1e400000,0x0000000f1e500000)]

Other Threads:
  0x0000017a55a0b000 VMThread "VM Thread" [stack: 0x0000000f1c900000,0x0000000f1ca00000] [id=1880]
  0x0000017a55bf3800 WatcherThread [stack: 0x0000000f1d300000,0x0000000f1d400000] [id=20296]
  0x0000017a3aed2800 GCTaskThread "GC Thread#0" [stack: 0x0000000f1c400000,0x0000000f1c500000] [id=22192]
  0x0000017a562c7000 GCTaskThread "GC Thread#1" [stack: 0x0000000f1d500000,0x0000000f1d600000] [id=1376]
  0x0000017a56993800 GCTaskThread "GC Thread#2" [stack: 0x0000000f1d600000,0x0000000f1d700000] [id=15588]
  0x0000017a55fee000 GCTaskThread "GC Thread#3" [stack: 0x0000000f1d700000,0x0000000f1d800000] [id=10960]
  0x0000017a56069000 GCTaskThread "GC Thread#4" [stack: 0x0000000f1d800000,0x0000000f1d900000] [id=16420]
  0x0000017a57a95000 GCTaskThread "GC Thread#5" [stack: 0x0000000f1e800000,0x0000000f1e900000] [id=28044]
  0x0000017a57923000 GCTaskThread "GC Thread#6" [stack: 0x0000000f1e900000,0x0000000f1ea00000] [id=28208]
  0x0000017a57a80000 GCTaskThread "GC Thread#7" [stack: 0x0000000f1ea00000,0x0000000f1eb00000] [id=15804]
  0x0000017a3af08000 ConcurrentGCThread "G1 Main Marker" [stack: 0x0000000f1c500000,0x0000000f1c600000] [id=22904]
  0x0000017a3af0b000 ConcurrentGCThread "G1 Conc#0" [stack: 0x0000000f1c600000,0x0000000f1c700000] [id=7312]
  0x0000017a57c34000 ConcurrentGCThread "G1 Conc#1" [stack: 0x0000000f1eb00000,0x0000000f1ec00000] [id=28008]
  0x0000017a55054800 ConcurrentGCThread "G1 Refine#0" [stack: 0x0000000f1c700000,0x0000000f1c800000] [id=11180]
  0x0000017a5ce7d800 ConcurrentGCThread "G1 Refine#1" [stack: 0x0000000f20400000,0x0000000f20500000] [id=10320]
  0x0000017a56a9c800 ConcurrentGCThread "G1 Refine#2" [stack: 0x0000000f20700000,0x0000000f20800000] [id=26496]
  0x0000017a5a190800 ConcurrentGCThread "G1 Refine#3" [stack: 0x0000000f20800000,0x0000000f20900000] [id=19112]
  0x0000017a55055000 ConcurrentGCThread "G1 Young RemSet Sampling" [stack: 0x0000000f1c800000,0x0000000f1c900000] [id=12964]

Threads with active compile tasks:
C2 CompilerThread0 781461 16356   !   4       java.nio.file.FileTreeWalker::visit (204 bytes)
C2 CompilerThread1 781462 16349   !   4       java.nio.file.FileTreeWalker::next (144 bytes)
C2 CompilerThread2 781462 16170   !   4       com.sun.tools.javac.parser.JavaTokenizer::readToken (2179 bytes)

VM state:not at safepoint (normal execution)

VM Mutex/Monitor currently owned by a thread: None

Heap address: 0x0000000080000000, size: 2048 MB, Compressed Oops mode: 32-bit
Narrow klass base: 0x0000000000000000, Narrow klass shift: 3
Compressed class space size: 1073741824 Address: 0x0000000100000000

Heap:
 garbage-first heap   total 245760K, used 193273K [0x0000000080000000, 0x0000000100000000)
  region size 1024K, 78 young (79872K), 6 survivors (6144K)
 Metaspace       used 122138K, capacity 125411K, committed 125616K, reserved 1159168K
  class space    used 15160K, capacity 16296K, committed 16384K, reserved 1048576K
Heap Regions: E=young(eden), S=young(survivor), O=old, HS=humongous(starts), HC=humongous(continues), CS=collection set, F=free, A=archive, TAMS=top-at-mark-start (previous, next)
|   0|0x0000000080000000, 0x0000000080100000, 0x0000000080100000|100%| O|  |TAMS 0x0000000080100000, 0x0000000080000000| Untracked 
|   1|0x0000000080100000, 0x0000000080200000, 0x0000000080200000|100%| O|  |TAMS 0x0000000080200000, 0x0000000080100000| Untracked 
|   2|0x0000000080200000, 0x0000000080300000, 0x0000000080300000|100%| O|  |TAMS 0x0000000080300000, 0x0000000080200000| Untracked 
|   3|0x0000000080300000, 0x0000000080400000, 0x0000000080400000|100%|HS|  |TAMS 0x0000000080400000, 0x0000000080300000| Complete 
|   4|0x0000000080400000, 0x0000000080500000, 0x0000000080500000|100%|HC|  |TAMS 0x0000000080500000, 0x0000000080400000| Complete 
|   5|0x0000000080500000, 0x0000000080600000, 0x0000000080600000|100%|HC|  |TAMS 0x0000000080600000, 0x0000000080500000| Complete 
|   6|0x0000000080600000, 0x0000000080700000, 0x0000000080700000|100%| O|  |TAMS 0x0000000080700000, 0x0000000080600000| Untracked 
|   7|0x0000000080700000, 0x0000000080800000, 0x0000000080800000|100%| O|  |TAMS 0x0000000080800000, 0x0000000080700000| Untracked 
|   8|0x0000000080800000, 0x0000000080900000, 0x0000000080900000|100%| O|  |TAMS 0x0000000080900000, 0x0000000080800000| Complete 
|   9|0x0000000080900000, 0x0000000080a00000, 0x0000000080a00000|100%| O|  |TAMS 0x0000000080a00000, 0x0000000080900000| Untracked 
|  10|0x0000000080a00000, 0x0000000080b00000, 0x0000000080b00000|100%| O|  |TAMS 0x0000000080b00000, 0x0000000080a00000| Complete 
|  11|0x0000000080b00000, 0x0000000080c00000, 0x0000000080c00000|100%| O|  |TAMS 0x0000000080c00000, 0x0000000080b00000| Untracked 
|  12|0x0000000080c00000, 0x0000000080d00000, 0x0000000080d00000|100%| O|  |TAMS 0x0000000080d00000, 0x0000000080c00000| Untracked 
|  13|0x0000000080d00000, 0x0000000080e00000, 0x0000000080e00000|100%| O|  |TAMS 0x0000000080e00000, 0x0000000080d00000| Untracked 
|  14|0x0000000080e00000, 0x0000000080f00000, 0x0000000080f00000|100%| O|  |TAMS 0x0000000080f00000, 0x0000000080e00000| Untracked 
|  15|0x0000000080f00000, 0x0000000081000000, 0x0000000081000000|100%| O|  |TAMS 0x0000000081000000, 0x0000000080f00000| Untracked 
|  16|0x0000000081000000, 0x0000000081100000, 0x0000000081100000|100%|HS|  |TAMS 0x0000000081100000, 0x0000000081000000| Complete 
|  17|0x0000000081100000, 0x0000000081200000, 0x0000000081200000|100%|HC|  |TAMS 0x0000000081200000, 0x0000000081100000| Complete 
|  18|0x0000000081200000, 0x0000000081300000, 0x0000000081300000|100%|HS|  |TAMS 0x0000000081300000, 0x0000000081200000| Complete 
|  19|0x0000000081300000, 0x0000000081400000, 0x0000000081400000|100%|HC|  |TAMS 0x0000000081400000, 0x0000000081300000| Complete 
|  20|0x0000000081400000, 0x0000000081500000, 0x0000000081500000|100%|HC|  |TAMS 0x0000000081500000, 0x0000000081400000| Complete 
|  21|0x0000000081500000, 0x0000000081600000, 0x0000000081600000|100%|HS|  |TAMS 0x0000000081600000, 0x0000000081500000| Complete 
|  22|0x0000000081600000, 0x0000000081700000, 0x0000000081700000|100%|HC|  |TAMS 0x0000000081700000, 0x0000000081600000| Complete 
|  23|0x0000000081700000, 0x0000000081800000, 0x0000000081800000|100%|HC|  |TAMS 0x0000000081800000, 0x0000000081700000| Complete 
|  24|0x0000000081800000, 0x0000000081900000, 0x0000000081900000|100%|HC|  |TAMS 0x0000000081900000, 0x0000000081800000| Complete 
|  25|0x0000000081900000, 0x0000000081a00000, 0x0000000081a00000|100%| O|  |TAMS 0x0000000081a00000, 0x0000000081900000| Untracked 
|  26|0x0000000081a00000, 0x0000000081b00000, 0x0000000081b00000|100%| O|  |TAMS 0x0000000081b00000, 0x0000000081a00000| Untracked 
|  27|0x0000000081b00000, 0x0000000081c00000, 0x0000000081c00000|100%| O|  |TAMS 0x0000000081c00000, 0x0000000081b00000| Untracked 
|  28|0x0000000081c00000, 0x0000000081d00000, 0x0000000081d00000|100%| O|  |TAMS 0x0000000081d00000, 0x0000000081c00000| Complete 
|  29|0x0000000081d00000, 0x0000000081e00000, 0x0000000081e00000|100%| O|  |TAMS 0x0000000081e00000, 0x0000000081d00000| Untracked 
|  30|0x0000000081e00000, 0x0000000081f00000, 0x0000000081f00000|100%| O|  |TAMS 0x0000000081f00000, 0x0000000081e00000| Untracked 
|  31|0x0000000081f00000, 0x0000000082000000, 0x0000000082000000|100%| O|  |TAMS 0x0000000082000000, 0x0000000081f00000| Complete 
|  32|0x0000000082000000, 0x0000000082100000, 0x0000000082100000|100%| O|  |TAMS 0x0000000082100000, 0x0000000082000000| Complete 
|  33|0x0000000082100000, 0x0000000082200000, 0x0000000082200000|100%| O|  |TAMS 0x0000000082200000, 0x0000000082100000| Complete 
|  34|0x0000000082200000, 0x0000000082300000, 0x0000000082300000|100%| O|  |TAMS 0x0000000082300000, 0x0000000082200000| Complete 
|  35|0x0000000082300000, 0x0000000082400000, 0x0000000082400000|100%| O|  |TAMS 0x0000000082400000, 0x0000000082300000| Untracked 
|  36|0x0000000082400000, 0x0000000082500000, 0x0000000082500000|100%| O|  |TAMS 0x0000000082500000, 0x0000000082400000| Untracked 
|  37|0x0000000082500000, 0x0000000082600000, 0x0000000082600000|100%|HS|  |TAMS 0x0000000082500000, 0x0000000082500000| Complete 
|  38|0x0000000082600000, 0x0000000082700000, 0x0000000082700000|100%|HC|  |TAMS 0x0000000082600000, 0x0000000082600000| Complete 
|  39|0x0000000082700000, 0x0000000082800000, 0x0000000082800000|100%| O|  |TAMS 0x0000000082800000, 0x0000000082700000| Untracked 
|  40|0x0000000082800000, 0x0000000082900000, 0x0000000082900000|100%| O|  |TAMS 0x0000000082900000, 0x0000000082800000| Untracked 
|  41|0x0000000082900000, 0x0000000082a00000, 0x0000000082a00000|100%| O|  |TAMS 0x0000000082a00000, 0x0000000082900000| Complete 
|  42|0x0000000082a00000, 0x0000000082b00000, 0x0000000082b00000|100%| O|  |TAMS 0x0000000082b00000, 0x0000000082a00000| Untracked 
|  43|0x0000000082b00000, 0x0000000082c00000, 0x0000000082c00000|100%| O|  |TAMS 0x0000000082c00000, 0x0000000082b00000| Untracked 
|  44|0x0000000082c00000, 0x0000000082d00000, 0x0000000082d00000|100%| O|  |TAMS 0x0000000082d00000, 0x0000000082c00000| Untracked 
|  45|0x0000000082d00000, 0x0000000082e00000, 0x0000000082e00000|100%| O|  |TAMS 0x0000000082e00000, 0x0000000082d00000| Untracked 
|  46|0x0000000082e00000, 0x0000000082f00000, 0x0000000082f00000|100%| O|  |TAMS 0x0000000082f00000, 0x0000000082e00000| Untracked 
|  47|0x0000000082f00000, 0x0000000083000000, 0x0000000083000000|100%| O|  |TAMS 0x0000000083000000, 0x0000000082f00000| Complete 
|  48|0x0000000083000000, 0x0000000083100000, 0x0000000083100000|100%| O|  |TAMS 0x0000000083100000, 0x0000000083000000| Complete 
|  49|0x0000000083100000, 0x0000000083200000, 0x0000000083200000|100%| O|  |TAMS 0x0000000083200000, 0x0000000083100000| Complete 
|  50|0x0000000083200000, 0x0000000083300000, 0x0000000083300000|100%| O|  |TAMS 0x0000000083300000, 0x0000000083200000| Complete 
|  51|0x0000000083300000, 0x0000000083300000, 0x0000000083400000|  0%| F|  |TAMS 0x0000000083300000, 0x0000000083300000| Untracked 
|  52|0x0000000083400000, 0x0000000083400000, 0x0000000083500000|  0%| F|  |TAMS 0x0000000083400000, 0x0000000083400000| Untracked 
|  53|0x0000000083500000, 0x0000000083600000, 0x0000000083600000|100%| O|  |TAMS 0x0000000083600000, 0x0000000083500000| Untracked 
|  54|0x0000000083600000, 0x0000000083700000, 0x0000000083700000|100%| O|  |TAMS 0x0000000083700000, 0x0000000083600000| Untracked 
|  55|0x0000000083700000, 0x0000000083700000, 0x0000000083800000|  0%| F|  |TAMS 0x0000000083700000, 0x0000000083700000| Untracked 
|  56|0x0000000083800000, 0x0000000083800000, 0x0000000083900000|  0%| F|  |TAMS 0x0000000083800000, 0x0000000083800000| Untracked 
|  57|0x0000000083900000, 0x0000000083a00000, 0x0000000083a00000|100%| O|  |TAMS 0x0000000083a00000, 0x0000000083900000| Complete 
|  58|0x0000000083a00000, 0x0000000083b00000, 0x0000000083b00000|100%| O|  |TAMS 0x0000000083b00000, 0x0000000083a00000| Complete 
|  59|0x0000000083b00000, 0x0000000083c00000, 0x0000000083c00000|100%| O|  |TAMS 0x0000000083c00000, 0x0000000083b00000| Untracked 
|  60|0x0000000083c00000, 0x0000000083d00000, 0x0000000083d00000|100%| O|  |TAMS 0x0000000083d00000, 0x0000000083c00000| Complete 
|  61|0x0000000083d00000, 0x0000000083e00000, 0x0000000083e00000|100%| O|  |TAMS 0x0000000083e00000, 0x0000000083d00000| Complete 
|  62|0x0000000083e00000, 0x0000000083f00000, 0x0000000083f00000|100%| O|  |TAMS 0x0000000083f00000, 0x0000000083e00000| Complete 
|  63|0x0000000083f00000, 0x0000000083f00000, 0x0000000084000000|  0%| F|  |TAMS 0x0000000083f00000, 0x0000000083f00000| Untracked 
|  64|0x0000000084000000, 0x0000000084100000, 0x0000000084100000|100%| O|  |TAMS 0x0000000084100000, 0x0000000084000000| Complete 
|  65|0x0000000084100000, 0x0000000084200000, 0x0000000084200000|100%| O|  |TAMS 0x0000000084200000, 0x0000000084100000| Untracked 
|  66|0x0000000084200000, 0x0000000084200000, 0x0000000084300000|  0%| F|  |TAMS 0x0000000084200000, 0x0000000084200000| Untracked 
|  67|0x0000000084300000, 0x0000000084300000, 0x0000000084400000|  0%| F|  |TAMS 0x0000000084300000, 0x0000000084300000| Untracked 
|  68|0x0000000084400000, 0x0000000084400000, 0x0000000084500000|  0%| F|  |TAMS 0x0000000084400000, 0x0000000084400000| Untracked 
|  69|0x0000000084500000, 0x0000000084600000, 0x0000000084600000|100%| O|  |TAMS 0x0000000084600000, 0x0000000084500000| Complete 
|  70|0x0000000084600000, 0x0000000084700000, 0x0000000084700000|100%| O|  |TAMS 0x0000000084700000, 0x0000000084600000| Untracked 
|  71|0x0000000084700000, 0x0000000084800000, 0x0000000084800000|100%| O|  |TAMS 0x0000000084800000, 0x0000000084700000| Complete 
|  72|0x0000000084800000, 0x0000000084900000, 0x0000000084900000|100%| O|  |TAMS 0x0000000084900000, 0x0000000084800000| Untracked 
|  73|0x0000000084900000, 0x0000000084a00000, 0x0000000084a00000|100%| O|  |TAMS 0x0000000084a00000, 0x0000000084900000| Complete 
|  74|0x0000000084a00000, 0x0000000084b00000, 0x0000000084b00000|100%| O|  |TAMS 0x0000000084b00000, 0x0000000084a00000| Complete 
|  75|0x0000000084b00000, 0x0000000084c00000, 0x0000000084c00000|100%| O|  |TAMS 0x0000000084c00000, 0x0000000084b00000| Complete 
|  76|0x0000000084c00000, 0x0000000084d00000, 0x0000000084d00000|100%| O|  |TAMS 0x0000000084d00000, 0x0000000084c00000| Complete 
|  77|0x0000000084d00000, 0x0000000084e00000, 0x0000000084e00000|100%| O|  |TAMS 0x0000000084e00000, 0x0000000084d00000| Complete 
|  78|0x0000000084e00000, 0x0000000084f00000, 0x0000000084f00000|100%| O|  |TAMS 0x0000000084f00000, 0x0000000084e00000| Complete 
|  79|0x0000000084f00000, 0x0000000084f00000, 0x0000000085000000|  0%| F|  |TAMS 0x0000000084f00000, 0x0000000084f00000| Untracked 
|  80|0x0000000085000000, 0x0000000085000000, 0x0000000085100000|  0%| F|  |TAMS 0x0000000085000000, 0x0000000085000000| Untracked 
|  81|0x0000000085100000, 0x0000000085200000, 0x0000000085200000|100%| O|  |TAMS 0x0000000085200000, 0x0000000085100000| Untracked 
|  82|0x0000000085200000, 0x0000000085300000, 0x0000000085300000|100%| O|  |TAMS 0x0000000085300000, 0x0000000085200000| Complete 
|  83|0x0000000085300000, 0x0000000085400000, 0x0000000085400000|100%| O|  |TAMS 0x0000000085400000, 0x0000000085300000| Complete 
|  84|0x0000000085400000, 0x0000000085500000, 0x0000000085500000|100%| O|  |TAMS 0x0000000085500000, 0x0000000085400000| Complete 
|  85|0x0000000085500000, 0x0000000085600000, 0x0000000085600000|100%| O|  |TAMS 0x0000000085600000, 0x0000000085500000| Complete 
|  86|0x0000000085600000, 0x0000000085600000, 0x0000000085700000|  0%| F|  |TAMS 0x0000000085600000, 0x0000000085600000| Untracked 
|  87|0x0000000085700000, 0x0000000085700000, 0x0000000085800000|  0%| F|  |TAMS 0x0000000085700000, 0x0000000085700000| Untracked 
|  88|0x0000000085800000, 0x0000000085900000, 0x0000000085900000|100%|HS|  |TAMS 0x0000000085900000, 0x0000000085800000| Complete 
|  89|0x0000000085900000, 0x0000000085a00000, 0x0000000085a00000|100%|HS|  |TAMS 0x0000000085a00000, 0x0000000085900000| Complete 
|  90|0x0000000085a00000, 0x0000000085b00000, 0x0000000085b00000|100%|HC|  |TAMS 0x0000000085b00000, 0x0000000085a00000| Complete 
|  91|0x0000000085b00000, 0x0000000085c00000, 0x0000000085c00000|100%|HC|  |TAMS 0x0000000085c00000, 0x0000000085b00000| Complete 
|  92|0x0000000085c00000, 0x0000000085d00000, 0x0000000085d00000|100%|HS|  |TAMS 0x0000000085d00000, 0x0000000085c00000| Complete 
|  93|0x0000000085d00000, 0x0000000085e00000, 0x0000000085e00000|100%|HC|  |TAMS 0x0000000085e00000, 0x0000000085d00000| Complete 
|  94|0x0000000085e00000, 0x0000000085f00000, 0x0000000085f00000|100%| O|  |TAMS 0x0000000085f00000, 0x0000000085e00000| Complete 
|  95|0x0000000085f00000, 0x0000000085f00000, 0x0000000086000000|  0%| F|  |TAMS 0x0000000085f00000, 0x0000000085f00000| Untracked 
|  96|0x0000000086000000, 0x0000000086100000, 0x0000000086100000|100%| O|  |TAMS 0x0000000086100000, 0x0000000086000000| Complete 
|  97|0x0000000086100000, 0x0000000086200000, 0x0000000086200000|100%| O|  |TAMS 0x0000000086200000, 0x0000000086100000| Untracked 
|  98|0x0000000086200000, 0x0000000086300000, 0x0000000086300000|100%| O|  |TAMS 0x0000000086300000, 0x0000000086200000| Untracked 
|  99|0x0000000086300000, 0x0000000086400000, 0x0000000086400000|100%| O|  |TAMS 0x0000000086400000, 0x0000000086300000| Untracked 
| 100|0x0000000086400000, 0x0000000086500000, 0x0000000086500000|100%| O|  |TAMS 0x0000000086500000, 0x0000000086400000| Untracked 
| 101|0x0000000086500000, 0x0000000086600000, 0x0000000086600000|100%| O|  |TAMS 0x0000000086600000, 0x0000000086500000| Complete 
| 102|0x0000000086600000, 0x0000000086700000, 0x0000000086700000|100%| O|  |TAMS 0x0000000086700000, 0x0000000086600000| Untracked 
| 103|0x0000000086700000, 0x0000000086800000, 0x0000000086800000|100%| O|  |TAMS 0x0000000086800000, 0x0000000086700000| Complete 
| 104|0x0000000086800000, 0x0000000086900000, 0x0000000086900000|100%| O|  |TAMS 0x0000000086900000, 0x0000000086800000| Untracked 
| 105|0x0000000086900000, 0x0000000086a00000, 0x0000000086a00000|100%| O|  |TAMS 0x0000000086a00000, 0x0000000086900000| Untracked 
| 106|0x0000000086a00000, 0x0000000086b00000, 0x0000000086b00000|100%| O|  |TAMS 0x0000000086b00000, 0x0000000086a00000| Complete 
| 107|0x0000000086b00000, 0x0000000086c00000, 0x0000000086c00000|100%| O|  |TAMS 0x0000000086c00000, 0x0000000086b00000| Complete 
| 108|0x0000000086c00000, 0x0000000086c00000, 0x0000000086d00000|  0%| F|  |TAMS 0x0000000086c00000, 0x0000000086c00000| Untracked 
| 109|0x0000000086d00000, 0x0000000086e00000, 0x0000000086e00000|100%| O|  |TAMS 0x0000000086e00000, 0x0000000086d00000| Complete 
| 110|0x0000000086e00000, 0x0000000086e00000, 0x0000000086f00000|  0%| F|  |TAMS 0x0000000086e00000, 0x0000000086e00000| Untracked 
| 111|0x0000000086f00000, 0x0000000086f00000, 0x0000000087000000|  0%| F|  |TAMS 0x0000000086f00000, 0x0000000086f00000| Untracked 
| 112|0x0000000087000000, 0x0000000087100000, 0x0000000087100000|100%| O|  |TAMS 0x0000000087100000, 0x0000000087000000| Complete 
| 113|0x0000000087100000, 0x0000000087200000, 0x0000000087200000|100%| O|  |TAMS 0x0000000087200000, 0x0000000087100000| Complete 
| 114|0x0000000087200000, 0x0000000087200000, 0x0000000087300000|  0%| F|  |TAMS 0x0000000087200000, 0x0000000087200000| Untracked 
| 115|0x0000000087300000, 0x0000000087300000, 0x0000000087400000|  0%| F|  |TAMS 0x0000000087300000, 0x0000000087300000| Untracked 
| 116|0x0000000087400000, 0x0000000087500000, 0x0000000087500000|100%| O|  |TAMS 0x0000000087500000, 0x0000000087400000| Untracked 
| 117|0x0000000087500000, 0x0000000087600000, 0x0000000087600000|100%| O|  |TAMS 0x0000000087600000, 0x0000000087500000| Untracked 
| 118|0x0000000087600000, 0x0000000087700000, 0x0000000087700000|100%| O|  |TAMS 0x0000000087700000, 0x0000000087600000| Complete 
| 119|0x0000000087700000, 0x0000000087800000, 0x0000000087800000|100%| O|  |TAMS 0x0000000087800000, 0x0000000087700000| Untracked 
| 120|0x0000000087800000, 0x0000000087900000, 0x0000000087900000|100%| O|  |TAMS 0x0000000087900000, 0x0000000087800000| Untracked 
| 121|0x0000000087900000, 0x0000000087a00000, 0x0000000087a00000|100%| O|  |TAMS 0x0000000087a00000, 0x0000000087900000| Untracked 
| 122|0x0000000087a00000, 0x0000000087b00000, 0x0000000087b00000|100%| O|  |TAMS 0x0000000087b00000, 0x0000000087a00000| Untracked 
| 123|0x0000000087b00000, 0x0000000087c00000, 0x0000000087c00000|100%| O|  |TAMS 0x0000000087c00000, 0x0000000087b00000| Untracked 
| 124|0x0000000087c00000, 0x0000000087d00000, 0x0000000087d00000|100%| O|  |TAMS 0x0000000087d00000, 0x0000000087c00000| Untracked 
| 125|0x0000000087d00000, 0x0000000087e00000, 0x0000000087e00000|100%| O|  |TAMS 0x0000000087e00000, 0x0000000087d00000| Untracked 
| 126|0x0000000087e00000, 0x0000000087f00000, 0x0000000087f00000|100%| O|  |TAMS 0x0000000087f00000, 0x0000000087e00000| Untracked 
| 127|0x0000000087f00000, 0x0000000088000000, 0x0000000088000000|100%| O|  |TAMS 0x0000000088000000, 0x0000000087f00000| Untracked 
| 128|0x0000000088000000, 0x0000000088100000, 0x0000000088100000|100%| O|  |TAMS 0x0000000088100000, 0x0000000088000000| Untracked 
| 129|0x0000000088100000, 0x0000000088200000, 0x0000000088200000|100%| O|  |TAMS 0x0000000088200000, 0x0000000088100000| Untracked 
| 130|0x0000000088200000, 0x0000000088300000, 0x0000000088300000|100%| O|  |TAMS 0x0000000088300000, 0x0000000088200000| Untracked 
| 131|0x0000000088300000, 0x0000000088353c00, 0x0000000088400000| 32%| O|  |TAMS 0x0000000088353c00, 0x0000000088300000| Untracked 
| 132|0x0000000088400000, 0x0000000088400000, 0x0000000088500000|  0%| F|  |TAMS 0x0000000088400000, 0x0000000088400000| Untracked 
| 133|0x0000000088500000, 0x0000000088500000, 0x0000000088600000|  0%| F|  |TAMS 0x0000000088500000, 0x0000000088500000| Untracked 
| 134|0x0000000088600000, 0x0000000088600000, 0x0000000088700000|  0%| F|  |TAMS 0x0000000088600000, 0x0000000088600000| Untracked 
| 135|0x0000000088700000, 0x0000000088700000, 0x0000000088800000|  0%| F|  |TAMS 0x0000000088700000, 0x0000000088700000| Untracked 
| 136|0x0000000088800000, 0x0000000088800000, 0x0000000088900000|  0%| F|  |TAMS 0x0000000088800000, 0x0000000088800000| Untracked 
| 137|0x0000000088900000, 0x0000000088900000, 0x0000000088a00000|  0%| F|  |TAMS 0x0000000088900000, 0x0000000088900000| Untracked 
| 138|0x0000000088a00000, 0x0000000088a00000, 0x0000000088b00000|  0%| F|  |TAMS 0x0000000088a00000, 0x0000000088a00000| Untracked 
| 139|0x0000000088b00000, 0x0000000088b00000, 0x0000000088c00000|  0%| F|  |TAMS 0x0000000088b00000, 0x0000000088b00000| Untracked 
| 140|0x0000000088c00000, 0x0000000088c00000, 0x0000000088d00000|  0%| F|  |TAMS 0x0000000088c00000, 0x0000000088c00000| Untracked 
| 141|0x0000000088d00000, 0x0000000088d00000, 0x0000000088e00000|  0%| F|  |TAMS 0x0000000088d00000, 0x0000000088d00000| Untracked 
| 142|0x0000000088e00000, 0x0000000088e00000, 0x0000000088f00000|  0%| F|  |TAMS 0x0000000088e00000, 0x0000000088e00000| Untracked 
| 143|0x0000000088f00000, 0x0000000088f00000, 0x0000000089000000|  0%| F|  |TAMS 0x0000000088f00000, 0x0000000088f00000| Untracked 
| 144|0x0000000089000000, 0x0000000089000000, 0x0000000089100000|  0%| F|  |TAMS 0x0000000089000000, 0x0000000089000000| Untracked 
| 145|0x0000000089100000, 0x0000000089100000, 0x0000000089200000|  0%| F|  |TAMS 0x0000000089100000, 0x0000000089100000| Untracked 
| 146|0x0000000089200000, 0x000000008926a900, 0x0000000089300000| 41%| S|CS|TAMS 0x0000000089200000, 0x0000000089200000| Complete 
| 147|0x0000000089300000, 0x0000000089400000, 0x0000000089400000|100%| S|CS|TAMS 0x0000000089300000, 0x0000000089300000| Complete 
| 148|0x0000000089400000, 0x0000000089500000, 0x0000000089500000|100%| S|CS|TAMS 0x0000000089400000, 0x0000000089400000| Complete 
| 149|0x0000000089500000, 0x0000000089600000, 0x0000000089600000|100%| S|CS|TAMS 0x0000000089500000, 0x0000000089500000| Complete 
| 150|0x0000000089600000, 0x0000000089700000, 0x0000000089700000|100%| S|CS|TAMS 0x0000000089600000, 0x0000000089600000| Complete 
| 151|0x0000000089700000, 0x0000000089800000, 0x0000000089800000|100%| S|CS|TAMS 0x0000000089700000, 0x0000000089700000| Complete 
| 152|0x0000000089800000, 0x0000000089800000, 0x0000000089900000|  0%| F|  |TAMS 0x0000000089800000, 0x0000000089800000| Untracked 
| 153|0x0000000089900000, 0x0000000089900000, 0x0000000089a00000|  0%| F|  |TAMS 0x0000000089900000, 0x0000000089900000| Untracked 
| 154|0x0000000089a00000, 0x0000000089a00000, 0x0000000089b00000|  0%| F|  |TAMS 0x0000000089a00000, 0x0000000089a00000| Untracked 
| 155|0x0000000089b00000, 0x0000000089b00000, 0x0000000089c00000|  0%| F|  |TAMS 0x0000000089b00000, 0x0000000089b00000| Untracked 
| 156|0x0000000089c00000, 0x0000000089c00000, 0x0000000089d00000|  0%| F|  |TAMS 0x0000000089c00000, 0x0000000089c00000| Untracked 
| 157|0x0000000089d00000, 0x0000000089d00000, 0x0000000089e00000|  0%| F|  |TAMS 0x0000000089d00000, 0x0000000089d00000| Untracked 
| 158|0x0000000089e00000, 0x0000000089e00000, 0x0000000089f00000|  0%| F|  |TAMS 0x0000000089e00000, 0x0000000089e00000| Untracked 
| 159|0x0000000089f00000, 0x0000000089f00000, 0x000000008a000000|  0%| F|  |TAMS 0x0000000089f00000, 0x0000000089f00000| Untracked 
| 160|0x000000008a000000, 0x000000008a000000, 0x000000008a100000|  0%| F|  |TAMS 0x000000008a000000, 0x000000008a000000| Untracked 
| 161|0x000000008a100000, 0x000000008a100000, 0x000000008a200000|  0%| F|  |TAMS 0x000000008a100000, 0x000000008a100000| Untracked 
| 162|0x000000008a200000, 0x000000008a200000, 0x000000008a300000|  0%| F|  |TAMS 0x000000008a200000, 0x000000008a200000| Untracked 
| 163|0x000000008a300000, 0x000000008a300000, 0x000000008a400000|  0%| F|  |TAMS 0x000000008a300000, 0x000000008a300000| Untracked 
| 164|0x000000008a400000, 0x000000008a400000, 0x000000008a500000|  0%| F|  |TAMS 0x000000008a400000, 0x000000008a400000| Untracked 
| 165|0x000000008a500000, 0x000000008a500000, 0x000000008a600000|  0%| F|  |TAMS 0x000000008a500000, 0x000000008a500000| Untracked 
| 166|0x000000008a600000, 0x000000008a600000, 0x000000008a700000|  0%| F|  |TAMS 0x000000008a600000, 0x000000008a600000| Untracked 
| 167|0x000000008a700000, 0x000000008a700000, 0x000000008a800000|  0%| F|  |TAMS 0x000000008a700000, 0x000000008a700000| Untracked 
| 168|0x000000008a800000, 0x000000008a847e70, 0x000000008a900000| 28%| E|  |TAMS 0x000000008a800000, 0x000000008a800000| Complete 
| 169|0x000000008a900000, 0x000000008aa00000, 0x000000008aa00000|100%| E|CS|TAMS 0x000000008a900000, 0x000000008a900000| Complete 
| 170|0x000000008aa00000, 0x000000008ab00000, 0x000000008ab00000|100%| E|CS|TAMS 0x000000008aa00000, 0x000000008aa00000| Complete 
| 171|0x000000008ab00000, 0x000000008ac00000, 0x000000008ac00000|100%| E|CS|TAMS 0x000000008ab00000, 0x000000008ab00000| Complete 
| 172|0x000000008ac00000, 0x000000008ad00000, 0x000000008ad00000|100%| E|CS|TAMS 0x000000008ac00000, 0x000000008ac00000| Complete 
| 173|0x000000008ad00000, 0x000000008ae00000, 0x000000008ae00000|100%| E|CS|TAMS 0x000000008ad00000, 0x000000008ad00000| Complete 
| 174|0x000000008ae00000, 0x000000008af00000, 0x000000008af00000|100%| E|CS|TAMS 0x000000008ae00000, 0x000000008ae00000| Complete 
| 175|0x000000008af00000, 0x000000008b000000, 0x000000008b000000|100%| E|CS|TAMS 0x000000008af00000, 0x000000008af00000| Complete 
| 176|0x000000008b000000, 0x000000008b100000, 0x000000008b100000|100%| E|CS|TAMS 0x000000008b000000, 0x000000008b000000| Complete 
| 177|0x000000008b100000, 0x000000008b200000, 0x000000008b200000|100%| E|CS|TAMS 0x000000008b100000, 0x000000008b100000| Complete 
| 178|0x000000008b200000, 0x000000008b300000, 0x000000008b300000|100%| E|CS|TAMS 0x000000008b200000, 0x000000008b200000| Complete 
| 179|0x000000008b300000, 0x000000008b400000, 0x000000008b400000|100%| E|CS|TAMS 0x000000008b300000, 0x000000008b300000| Complete 
| 180|0x000000008b400000, 0x000000008b500000, 0x000000008b500000|100%| E|CS|TAMS 0x000000008b400000, 0x000000008b400000| Complete 
| 181|0x000000008b500000, 0x000000008b600000, 0x000000008b600000|100%| E|CS|TAMS 0x000000008b500000, 0x000000008b500000| Complete 
| 182|0x000000008b600000, 0x000000008b700000, 0x000000008b700000|100%| E|  |TAMS 0x000000008b600000, 0x000000008b600000| Complete 
| 183|0x000000008b700000, 0x000000008b800000, 0x000000008b800000|100%| E|CS|TAMS 0x000000008b700000, 0x000000008b700000| Complete 
| 184|0x000000008b800000, 0x000000008b900000, 0x000000008b900000|100%| E|CS|TAMS 0x000000008b800000, 0x000000008b800000| Complete 
| 185|0x000000008b900000, 0x000000008ba00000, 0x000000008ba00000|100%| E|CS|TAMS 0x000000008b900000, 0x000000008b900000| Complete 
| 186|0x000000008ba00000, 0x000000008bb00000, 0x000000008bb00000|100%| E|CS|TAMS 0x000000008ba00000, 0x000000008ba00000| Complete 
| 187|0x000000008bb00000, 0x000000008bc00000, 0x000000008bc00000|100%| E|CS|TAMS 0x000000008bb00000, 0x000000008bb00000| Complete 
| 188|0x000000008bc00000, 0x000000008bd00000, 0x000000008bd00000|100%| E|CS|TAMS 0x000000008bc00000, 0x000000008bc00000| Complete 
| 189|0x000000008bd00000, 0x000000008be00000, 0x000000008be00000|100%| E|CS|TAMS 0x000000008bd00000, 0x000000008bd00000| Complete 
| 190|0x000000008be00000, 0x000000008bf00000, 0x000000008bf00000|100%| E|CS|TAMS 0x000000008be00000, 0x000000008be00000| Complete 
| 191|0x000000008bf00000, 0x000000008c000000, 0x000000008c000000|100%| E|CS|TAMS 0x000000008bf00000, 0x000000008bf00000| Complete 
| 192|0x000000008c000000, 0x000000008c100000, 0x000000008c100000|100%| E|CS|TAMS 0x000000008c000000, 0x000000008c000000| Complete 
| 193|0x000000008c100000, 0x000000008c200000, 0x000000008c200000|100%| E|CS|TAMS 0x000000008c100000, 0x000000008c100000| Complete 
| 194|0x000000008c200000, 0x000000008c300000, 0x000000008c300000|100%| E|CS|TAMS 0x000000008c200000, 0x000000008c200000| Complete 
| 195|0x000000008c300000, 0x000000008c400000, 0x000000008c400000|100%| E|CS|TAMS 0x000000008c300000, 0x000000008c300000| Complete 
| 196|0x000000008c400000, 0x000000008c500000, 0x000000008c500000|100%| E|CS|TAMS 0x000000008c400000, 0x000000008c400000| Complete 
| 197|0x000000008c500000, 0x000000008c600000, 0x000000008c600000|100%| E|CS|TAMS 0x000000008c500000, 0x000000008c500000| Complete 
| 198|0x000000008c600000, 0x000000008c700000, 0x000000008c700000|100%| E|CS|TAMS 0x000000008c600000, 0x000000008c600000| Complete 
| 199|0x000000008c700000, 0x000000008c800000, 0x000000008c800000|100%| E|CS|TAMS 0x000000008c700000, 0x000000008c700000| Complete 
| 200|0x000000008c800000, 0x000000008c900000, 0x000000008c900000|100%| E|CS|TAMS 0x000000008c800000, 0x000000008c800000| Complete 
| 201|0x000000008c900000, 0x000000008ca00000, 0x000000008ca00000|100%| E|CS|TAMS 0x000000008c900000, 0x000000008c900000| Complete 
| 202|0x000000008ca00000, 0x000000008cb00000, 0x000000008cb00000|100%| E|CS|TAMS 0x000000008ca00000, 0x000000008ca00000| Complete 
| 203|0x000000008cb00000, 0x000000008cc00000, 0x000000008cc00000|100%| E|CS|TAMS 0x000000008cb00000, 0x000000008cb00000| Complete 
| 204|0x000000008cc00000, 0x000000008cd00000, 0x000000008cd00000|100%| E|CS|TAMS 0x000000008cc00000, 0x000000008cc00000| Complete 
| 205|0x000000008cd00000, 0x000000008ce00000, 0x000000008ce00000|100%| E|CS|TAMS 0x000000008cd00000, 0x000000008cd00000| Complete 
| 206|0x000000008ce00000, 0x000000008cf00000, 0x000000008cf00000|100%| E|CS|TAMS 0x000000008ce00000, 0x000000008ce00000| Complete 
| 207|0x000000008cf00000, 0x000000008d000000, 0x000000008d000000|100%| E|CS|TAMS 0x000000008cf00000, 0x000000008cf00000| Complete 
| 208|0x000000008d000000, 0x000000008d100000, 0x000000008d100000|100%| E|CS|TAMS 0x000000008d000000, 0x000000008d000000| Complete 
| 209|0x000000008d100000, 0x000000008d200000, 0x000000008d200000|100%| E|CS|TAMS 0x000000008d100000, 0x000000008d100000| Complete 
| 210|0x000000008d200000, 0x000000008d300000, 0x000000008d300000|100%| E|CS|TAMS 0x000000008d200000, 0x000000008d200000| Complete 
| 211|0x000000008d300000, 0x000000008d400000, 0x000000008d400000|100%| E|CS|TAMS 0x000000008d300000, 0x000000008d300000| Complete 
| 212|0x000000008d400000, 0x000000008d500000, 0x000000008d500000|100%| E|CS|TAMS 0x000000008d400000, 0x000000008d400000| Complete 
| 213|0x000000008d500000, 0x000000008d600000, 0x000000008d600000|100%| E|CS|TAMS 0x000000008d500000, 0x000000008d500000| Complete 
| 214|0x000000008d600000, 0x000000008d700000, 0x000000008d700000|100%| E|CS|TAMS 0x000000008d600000, 0x000000008d600000| Complete 
| 215|0x000000008d700000, 0x000000008d800000, 0x000000008d800000|100%| E|CS|TAMS 0x000000008d700000, 0x000000008d700000| Complete 
| 216|0x000000008d800000, 0x000000008d900000, 0x000000008d900000|100%| E|CS|TAMS 0x000000008d800000, 0x000000008d800000| Complete 
| 217|0x000000008d900000, 0x000000008da00000, 0x000000008da00000|100%| E|CS|TAMS 0x000000008d900000, 0x000000008d900000| Complete 
| 218|0x000000008da00000, 0x000000008db00000, 0x000000008db00000|100%| E|CS|TAMS 0x000000008da00000, 0x000000008da00000| Complete 
| 219|0x000000008db00000, 0x000000008dc00000, 0x000000008dc00000|100%| E|CS|TAMS 0x000000008db00000, 0x000000008db00000| Complete 
| 220|0x000000008dc00000, 0x000000008dd00000, 0x000000008dd00000|100%| E|CS|TAMS 0x000000008dc00000, 0x000000008dc00000| Complete 
| 221|0x000000008dd00000, 0x000000008de00000, 0x000000008de00000|100%| E|CS|TAMS 0x000000008dd00000, 0x000000008dd00000| Complete 
| 222|0x000000008de00000, 0x000000008df00000, 0x000000008df00000|100%| E|CS|TAMS 0x000000008de00000, 0x000000008de00000| Complete 
| 223|0x000000008df00000, 0x000000008e000000, 0x000000008e000000|100%| E|CS|TAMS 0x000000008df00000, 0x000000008df00000| Complete 
| 224|0x000000008e000000, 0x000000008e100000, 0x000000008e100000|100%| E|CS|TAMS 0x000000008e000000, 0x000000008e000000| Complete 
| 225|0x000000008e100000, 0x000000008e200000, 0x000000008e200000|100%| E|CS|TAMS 0x000000008e100000, 0x000000008e100000| Complete 
| 226|0x000000008e200000, 0x000000008e300000, 0x000000008e300000|100%| E|CS|TAMS 0x000000008e200000, 0x000000008e200000| Complete 
| 227|0x000000008e300000, 0x000000008e400000, 0x000000008e400000|100%| E|CS|TAMS 0x000000008e300000, 0x000000008e300000| Complete 
| 228|0x000000008e400000, 0x000000008e500000, 0x000000008e500000|100%| E|CS|TAMS 0x000000008e400000, 0x000000008e400000| Complete 
| 229|0x000000008e500000, 0x000000008e600000, 0x000000008e600000|100%| E|CS|TAMS 0x000000008e500000, 0x000000008e500000| Complete 
| 230|0x000000008e600000, 0x000000008e700000, 0x000000008e700000|100%| E|CS|TAMS 0x000000008e600000, 0x000000008e600000| Complete 
| 231|0x000000008e700000, 0x000000008e800000, 0x000000008e800000|100%| E|CS|TAMS 0x000000008e700000, 0x000000008e700000| Complete 
| 232|0x000000008e800000, 0x000000008e900000, 0x000000008e900000|100%| E|CS|TAMS 0x000000008e800000, 0x000000008e800000| Complete 
| 233|0x000000008e900000, 0x000000008ea00000, 0x000000008ea00000|100%| E|CS|TAMS 0x000000008e900000, 0x000000008e900000| Complete 
| 234|0x000000008ea00000, 0x000000008eb00000, 0x000000008eb00000|100%| E|CS|TAMS 0x000000008ea00000, 0x000000008ea00000| Complete 
| 235|0x000000008eb00000, 0x000000008ec00000, 0x000000008ec00000|100%| E|CS|TAMS 0x000000008eb00000, 0x000000008eb00000| Complete 
| 236|0x000000008ec00000, 0x000000008ed00000, 0x000000008ed00000|100%| E|CS|TAMS 0x000000008ec00000, 0x000000008ec00000| Complete 
| 237|0x000000008ed00000, 0x000000008ee00000, 0x000000008ee00000|100%| E|CS|TAMS 0x000000008ed00000, 0x000000008ed00000| Complete 
| 238|0x000000008ee00000, 0x000000008ef00000, 0x000000008ef00000|100%| E|CS|TAMS 0x000000008ee00000, 0x000000008ee00000| Complete 
| 239|0x000000008ef00000, 0x000000008f000000, 0x000000008f000000|100%| E|CS|TAMS 0x000000008ef00000, 0x000000008ef00000| Complete 

Card table byte_map: [0x0000017a4df50000,0x0000017a4e350000] _byte_map_base: 0x0000017a4db50000

Marking Bits (Prev, Next): (CMBitMap*) 0x0000017a3aeff180, (CMBitMap*) 0x0000017a3aeff148
 Prev Bits: [0x0000017a50750000, 0x0000017a52750000)
 Next Bits: [0x0000017a4e750000, 0x0000017a50750000)

Polling page: 0x0000017a38c30000

Metaspace:

Usage:
  Non-class:    106.56 MB capacity,   104.47 MB ( 98%) used,     1.77 MB (  2%) free+waste,   328.81 KB ( <1%) overhead. 
      Class:     15.91 MB capacity,    14.81 MB ( 93%) used,   986.50 KB (  6%) free+waste,   149.00 KB ( <1%) overhead. 
       Both:    122.47 MB capacity,   119.28 MB ( 97%) used,     2.73 MB (  2%) free+waste,   477.81 KB ( <1%) overhead. 

Virtual space:
  Non-class space:      108.00 MB reserved,     106.67 MB ( 99%) committed 
      Class space:        1.00 GB reserved,      16.00 MB (  2%) committed 
             Both:        1.11 GB reserved,     122.67 MB ( 11%) committed 

Chunk freelists:
   Non-Class:  53.00 KB
       Class:  24.00 KB
        Both:  77.00 KB

MaxMetaspaceSize: 17179869184.00 GB
CompressedClassSpaceSize: 1.00 GB

CodeHeap 'non-profiled nmethods': size=120000Kb used=11481Kb max_used=11561Kb free=108518Kb
 bounds [0x0000017a462f0000, 0x0000017a46e60000, 0x0000017a4d820000]
CodeHeap 'profiled nmethods': size=120000Kb used=32686Kb max_used=33490Kb free=87313Kb
 bounds [0x0000017a3edc0000, 0x0000017a40eb0000, 0x0000017a462f0000]
CodeHeap 'non-nmethods': size=5760Kb used=2363Kb max_used=2454Kb free=3396Kb
 bounds [0x0000017a3e820000, 0x0000017a3eaa0000, 0x0000017a3edc0000]
 total_blobs=15883 nmethods=14889 adapters=905
 compilation: enabled
              stopped_count=0, restarted_count=0
 full_count=0

Compilation events (20 events):
Event: 781.355 Thread 0x0000017a55a80800 16386       3       jdk.nio.zipfs.ZipPath::equals (42 bytes)
Event: 781.355 Thread 0x0000017a55a80800 nmethod 16386 0x0000017a3f31e910 code [0x0000017a3f31eb00, 0x0000017a3f31f028]
Event: 781.357 Thread 0x0000017a55a80800 16387   !   3       jdk.nio.zipfs.ZipFileSystem::readFullyAt (37 bytes)
Event: 781.357 Thread 0x0000017a55a80800 nmethod 16387 0x0000017a3f34b010 code [0x0000017a3f34b1e0, 0x0000017a3f34b5f8]
Event: 781.359 Thread 0x0000017a55a72800 nmethod 16352 0x0000017a46633410 code [0x0000017a46633660, 0x0000017a46634880]
Event: 781.360 Thread 0x0000017a55a72800 16356   !   4       java.nio.file.FileTreeWalker::visit (204 bytes)
Event: 781.363 Thread 0x0000017a55a80800 16388       3       jdk.nio.zipfs.ZipConstants::LOCEXT (7 bytes)
Event: 781.363 Thread 0x0000017a55a80800 nmethod 16388 0x0000017a3f34e390 code [0x0000017a3f34e560, 0x0000017a3f34e7b8]
Event: 781.363 Thread 0x0000017a55a80800 16390       3       jdk.nio.zipfs.ZipFileSystem$Entry::readExtra (753 bytes)
Event: 781.374 Thread 0x0000017a55a80800 nmethod 16390 0x0000017a3fa32910 code [0x0000017a3fa33320, 0x0000017a3fa3a268]
Event: 781.374 Thread 0x0000017a55a80800 16389       3       jdk.nio.zipfs.ZipConstants::LOCNAM (7 bytes)
Event: 781.374 Thread 0x0000017a55a80800 nmethod 16389 0x0000017a3f352e10 code [0x0000017a3f352fe0, 0x0000017a3f353238]
Event: 781.417 Thread 0x0000017a55a80800 16392       2       jdk.nio.zipfs.JarFileSystem::getInode (18 bytes)
Event: 781.417 Thread 0x0000017a55a80800 nmethod 16392 0x0000017a3f352810 code [0x0000017a3f352a00, 0x0000017a3f352c98]
Event: 781.419 Thread 0x0000017a55a80800 16393       3       jdk.nio.zipfs.ZipPath::getFileName (5 bytes)
Event: 781.419 Thread 0x0000017a55a80800 nmethod 16393 0x0000017a3f28f010 code [0x0000017a3f28f1c0, 0x0000017a3f28f2e8]
Event: 781.429 Thread 0x0000017a55a80800 16394       3       jdk.nio.zipfs.ZipDirectoryStream::<init> (49 bytes)
Event: 781.429 Thread 0x0000017a55a80800 nmethod 16394 0x0000017a3f387b10 code [0x0000017a3f387d20, 0x0000017a3f388358]
Event: 781.429 Thread 0x0000017a55a80800 16395  s    3       jdk.nio.zipfs.ZipDirectoryStream::close (6 bytes)
Event: 781.429 Thread 0x0000017a55a80800 nmethod 16395 0x0000017a3f359010 code [0x0000017a3f3591c0, 0x0000017a3f359438]

GC Heap History (20 events):
Event: 23.627 GC heap before
{Heap before GC invocations=24 (full 0):
 garbage-first heap   total 245760K, used 193262K [0x0000000080000000, 0x0000000100000000)
  region size 1024K, 99 young (101376K), 12 survivors (12288K)
 Metaspace       used 100854K, capacity 103654K, committed 103856K, reserved 1138688K
  class space    used 12853K, capacity 13789K, committed 13824K, reserved 1048576K
}
Event: 23.638 GC heap after
{Heap after GC invocations=25 (full 0):
 garbage-first heap   total 245760K, used 111657K [0x0000000080000000, 0x0000000100000000)
  region size 1024K, 13 young (13312K), 13 survivors (13312K)
 Metaspace       used 100854K, capacity 103654K, committed 103856K, reserved 1138688K
  class space    used 12853K, capacity 13789K, committed 13824K, reserved 1048576K
}
Event: 24.502 GC heap before
{Heap before GC invocations=25 (full 0):
 garbage-first heap   total 245760K, used 196649K [0x0000000080000000, 0x0000000100000000)
  region size 1024K, 97 young (99328K), 13 survivors (13312K)
 Metaspace       used 104292K, capacity 107301K, committed 107568K, reserved 1142784K
  class space    used 13328K, capacity 14368K, committed 14464K, reserved 1048576K
}
Event: 24.515 GC heap after
{Heap after GC invocations=26 (full 0):
 garbage-first heap   total 245760K, used 116339K [0x0000000080000000, 0x0000000100000000)
  region size 1024K, 12 young (12288K), 12 survivors (12288K)
 Metaspace       used 104292K, capacity 107301K, committed 107568K, reserved 1142784K
  class space    used 13328K, capacity 14368K, committed 14464K, reserved 1048576K
}
Event: 759.071 GC heap before
{Heap before GC invocations=26 (full 0):
 garbage-first heap   total 245760K, used 200307K [0x0000000080000000, 0x0000000100000000)
  region size 1024K, 94 young (96256K), 12 survivors (12288K)
 Metaspace       used 110787K, capacity 113960K, committed 114224K, reserved 1148928K
  class space    used 13854K, capacity 14927K, committed 14976K, reserved 1048576K
}
Event: 759.083 GC heap after
{Heap after GC invocations=27 (full 0):
 garbage-first heap   total 245760K, used 119836K [0x0000000080000000, 0x0000000100000000)
  region size 1024K, 9 young (9216K), 9 survivors (9216K)
 Metaspace       used 110787K, capacity 113960K, committed 114224K, reserved 1148928K
  class space    used 13854K, capacity 14927K, committed 14976K, reserved 1048576K
}
Event: 760.032 GC heap before
{Heap before GC invocations=27 (full 0):
 garbage-first heap   total 245760K, used 201756K [0x0000000080000000, 0x0000000100000000)
  region size 1024K, 90 young (92160K), 9 survivors (9216K)
 Metaspace       used 111396K, capacity 114545K, committed 114864K, reserved 1148928K
  class space    used 13902K, capacity 14996K, committed 15104K, reserved 1048576K
}
Event: 760.056 GC heap after
{Heap after GC invocations=28 (full 0):
 garbage-first heap   total 245760K, used 124544K [0x0000000080000000, 0x0000000100000000)
  region size 1024K, 9 young (9216K), 9 survivors (9216K)
 Metaspace       used 111396K, capacity 114545K, committed 114864K, reserved 1148928K
  class space    used 13902K, capacity 14996K, committed 15104K, reserved 1048576K
}
Event: 763.130 GC heap before
{Heap before GC invocations=29 (full 0):
 garbage-first heap   total 245760K, used 202368K [0x0000000080000000, 0x0000000100000000)
  region size 1024K, 87 young (89088K), 9 survivors (9216K)
 Metaspace       used 111133K, capacity 114010K, committed 114864K, reserved 1148928K
  class space    used 13803K, capacity 14789K, committed 15104K, reserved 1048576K
}
Event: 763.137 GC heap after
{Heap after GC invocations=30 (full 0):
 garbage-first heap   total 245760K, used 122723K [0x0000000080000000, 0x0000000100000000)
  region size 1024K, 4 young (4096K), 4 survivors (4096K)
 Metaspace       used 111133K, capacity 114010K, committed 114864K, reserved 1148928K
  class space    used 13803K, capacity 14789K, committed 15104K, reserved 1048576K
}
Event: 763.468 GC heap before
{Heap before GC invocations=30 (full 0):
 garbage-first heap   total 245760K, used 129891K [0x0000000080000000, 0x0000000100000000)
  region size 1024K, 12 young (12288K), 4 survivors (4096K)
 Metaspace       used 111133K, capacity 114010K, committed 114864K, reserved 1148928K
  class space    used 13803K, capacity 14789K, committed 15104K, reserved 1048576K
}
Event: 763.473 GC heap after
{Heap after GC invocations=31 (full 0):
 garbage-first heap   total 245760K, used 121792K [0x0000000080000000, 0x0000000100000000)
  region size 1024K, 1 young (1024K), 1 survivors (1024K)
 Metaspace       used 111133K, capacity 114010K, committed 114864K, reserved 1148928K
  class space    used 13803K, capacity 14789K, committed 15104K, reserved 1048576K
}
Event: 769.086 GC heap before
{Heap before GC invocations=31 (full 0):
 garbage-first heap   total 245760K, used 206784K [0x0000000080000000, 0x0000000100000000)
  region size 1024K, 84 young (86016K), 1 survivors (1024K)
 Metaspace       used 113990K, capacity 116957K, committed 117680K, reserved 1150976K
  class space    used 14097K, capacity 15101K, committed 15360K, reserved 1048576K
}
Event: 769.097 GC heap after
{Heap after GC invocations=32 (full 0):
 garbage-first heap   total 245760K, used 123196K [0x0000000080000000, 0x0000000100000000)
  region size 1024K, 3 young (3072K), 3 survivors (3072K)
 Metaspace       used 113990K, capacity 116957K, committed 117680K, reserved 1150976K
  class space    used 14097K, capacity 15101K, committed 15360K, reserved 1048576K
}
Event: 771.882 GC heap before
{Heap before GC invocations=33 (full 0):
 garbage-first heap   total 245760K, used 207164K [0x0000000080000000, 0x0000000100000000)
  region size 1024K, 85 young (87040K), 3 survivors (3072K)
 Metaspace       used 114738K, capacity 117732K, committed 118320K, reserved 1153024K
  class space    used 14206K, capacity 15263K, committed 15488K, reserved 1048576K
}
Event: 771.896 GC heap after
{Heap after GC invocations=34 (full 0):
 garbage-first heap   total 245760K, used 128764K [0x0000000080000000, 0x0000000100000000)
  region size 1024K, 8 young (8192K), 8 survivors (8192K)
 Metaspace       used 114738K, capacity 117732K, committed 118320K, reserved 1153024K
  class space    used 14206K, capacity 15263K, committed 15488K, reserved 1048576K
}
Event: 772.003 GC heap before
{Heap before GC invocations=34 (full 0):
 garbage-first heap   total 245760K, used 131836K [0x0000000080000000, 0x0000000100000000)
  region size 1024K, 12 young (12288K), 8 survivors (8192K)
 Metaspace       used 114738K, capacity 117732K, committed 118320K, reserved 1153024K
  class space    used 14206K, capacity 15263K, committed 15488K, reserved 1048576K
}
Event: 772.019 GC heap after
{Heap after GC invocations=35 (full 0):
 garbage-first heap   total 245760K, used 115169K [0x0000000080000000, 0x0000000100000000)
  region size 1024K, 2 young (2048K), 2 survivors (2048K)
 Metaspace       used 114738K, capacity 117732K, committed 118320K, reserved 1153024K
  class space    used 14206K, capacity 15263K, committed 15488K, reserved 1048576K
}
Event: 775.120 GC heap before
{Heap before GC invocations=35 (full 0):
 garbage-first heap   total 245760K, used 202209K [0x0000000080000000, 0x0000000100000000)
  region size 1024K, 88 young (90112K), 2 survivors (2048K)
 Metaspace       used 115084K, capacity 118151K, committed 118576K, reserved 1153024K
  class space    used 14259K, capacity 15307K, committed 15488K, reserved 1048576K
}
Event: 775.130 GC heap after
{Heap after GC invocations=36 (full 0):
 garbage-first heap   total 245760K, used 119545K [0x0000000080000000, 0x0000000100000000)
  region size 1024K, 6 young (6144K), 6 survivors (6144K)
 Metaspace       used 115084K, capacity 118151K, committed 118576K, reserved 1153024K
  class space    used 14259K, capacity 15307K, committed 15488K, reserved 1048576K
}

Deoptimization events (20 events):
Event: 781.320 Thread 0x0000017a5b12d800 Uncommon trap: trap_request=0xffffff4d fr.pc=0x0000017a46622d74 relative=0x00000000000000d4
Event: 781.320 Thread 0x0000017a5b12d800 Uncommon trap: reason=unstable_if action=reinterpret pc=0x0000017a46622d74 method=jdk.nio.zipfs.ZipConstants.pkSigAt([BIII)Z @ 5 c2
Event: 781.320 Thread 0x0000017a5b12d800 DEOPT PACKING pc=0x0000017a46622d74 sp=0x0000000f26ef9eb0
Event: 781.320 Thread 0x0000017a5b12d800 DEOPT UNPACKING pc=0x0000017a3e8474af sp=0x0000000f26ef9e58 mode 2
Event: 781.321 Thread 0x0000017a5b12d800 Uncommon trap: trap_request=0xffffff4d fr.pc=0x0000017a4661a43c relative=0x000000000000075c
Event: 781.321 Thread 0x0000017a5b12d800 Uncommon trap: reason=unstable_if action=reinterpret pc=0x0000017a4661a43c method=jdk.nio.zipfs.ZipPath.resolve([B)Ljdk/nio/zipfs/ZipPath; @ 26 c2
Event: 781.321 Thread 0x0000017a5b12d800 DEOPT PACKING pc=0x0000017a4661a43c sp=0x0000000f26ef9e20
Event: 781.321 Thread 0x0000017a5b12d800 DEOPT UNPACKING pc=0x0000017a3e8474af sp=0x0000000f26ef9d88 mode 2
Event: 781.321 Thread 0x0000017a5b12d800 Uncommon trap: trap_request=0xffffff4d fr.pc=0x0000017a4661cc68 relative=0x00000000000006a8
Event: 781.321 Thread 0x0000017a5b12d800 Uncommon trap: reason=unstable_if action=reinterpret pc=0x0000017a4661cc68 method=jdk.nio.zipfs.ZipPath.resolve([B)Ljdk/nio/zipfs/ZipPath; @ 26 c2
Event: 781.321 Thread 0x0000017a5b12d800 DEOPT PACKING pc=0x0000017a4661cc68 sp=0x0000000f26ef9da0
Event: 781.321 Thread 0x0000017a5b12d800 DEOPT UNPACKING pc=0x0000017a3e8474af sp=0x0000000f26ef9d78 mode 2
Event: 781.321 Thread 0x0000017a5b12d800 Uncommon trap: trap_request=0xffffff4d fr.pc=0x0000017a4660a7ec relative=0x00000000000005ac
Event: 781.321 Thread 0x0000017a5b12d800 Uncommon trap: reason=unstable_if action=reinterpret pc=0x0000017a4660a7ec method=jdk.nio.zipfs.ZipPath.getFileName()Ljdk/nio/zipfs/ZipPath; @ 12 c2
Event: 781.321 Thread 0x0000017a5b12d800 DEOPT PACKING pc=0x0000017a4660a7ec sp=0x0000000f26efa050
Event: 781.321 Thread 0x0000017a5b12d800 DEOPT UNPACKING pc=0x0000017a3e8474af sp=0x0000000f26efa008 mode 2
Event: 781.417 Thread 0x0000017a5b12d800 Uncommon trap: trap_request=0xfffffff4 fr.pc=0x0000017a466344f8 relative=0x0000000000000e98
Event: 781.417 Thread 0x0000017a5b12d800 Uncommon trap: reason=null_check action=make_not_entrant pc=0x0000017a466344f8 method=jdk.nio.zipfs.ZipFileSystem.getInode([B)Ljdk/nio/zipfs/ZipFileSystem$IndexNode; @ 26 c2
Event: 781.417 Thread 0x0000017a5b12d800 DEOPT PACKING pc=0x0000017a466344f8 sp=0x0000000f26ef9f80
Event: 781.417 Thread 0x0000017a5b12d800 DEOPT UNPACKING pc=0x0000017a3e8474af sp=0x0000000f26ef9f18 mode 2

Classes redefined (0 events):
No events

Internal exceptions (20 events):
Event: 775.867 Thread 0x0000017a5b12d800 Exception <a 'sun/nio/fs/WindowsException'{0x000000008dccc748}> (0x000000008dccc748) thrown at [./src/hotspot/share/prims/jni.cpp, line 615]
Event: 775.867 Thread 0x0000017a5b12d800 Exception <a 'sun/nio/fs/WindowsException'{0x000000008dccd0c8}> (0x000000008dccd0c8) thrown at [./src/hotspot/share/prims/jni.cpp, line 615]
Event: 775.867 Thread 0x0000017a5b12d800 Exception <a 'sun/nio/fs/WindowsException'{0x000000008dccea28}> (0x000000008dccea28) thrown at [./src/hotspot/share/prims/jni.cpp, line 615]
Event: 775.867 Thread 0x0000017a5b12d800 Exception <a 'sun/nio/fs/WindowsException'{0x000000008dccf3a8}> (0x000000008dccf3a8) thrown at [./src/hotspot/share/prims/jni.cpp, line 615]
Event: 775.867 Thread 0x0000017a5b12d800 Exception <a 'java/lang/NoSuchMethodError'{0x000000008dcd1248}: 'int java.lang.invoke.DirectMethodHandle$Holder.invokeSpecial(java.lang.Object, java.lang.Object, java.lang.Object, java.lang.Object, java.lang.Object)'> (0x000000008dcd1248) thrown at [./src/hotspot/share/interpreter/linkResolver.cpp, line 773]
Event: 775.879 Thread 0x0000017a5b12d800 Exception <a 'java/lang/NoSuchMethodError'{0x000000008db1c500}: 'void java.lang.invoke.DirectMethodHandle$Holder.invokeVirtual(java.lang.Object, java.lang.Object)'> (0x000000008db1c500) thrown at [./src/hotspot/share/interpreter/linkResolver.cpp, line 773]
Event: 775.962 Thread 0x0000017a586e3000 Exception <a 'java/lang/NoSuchMethodError'{0x000000008d964e88}: <clinit>> (0x000000008d964e88) thrown at [./src/hotspot/share/prims/jni.cpp, line 1362]
Event: 776.066 Thread 0x0000017a5b12d800 Exception <a 'sun/nio/fs/WindowsException'{0x000000008d6e7110}> (0x000000008d6e7110) thrown at [./src/hotspot/share/prims/jni.cpp, line 615]
Event: 776.066 Thread 0x0000017a5b12d800 Exception <a 'sun/nio/fs/WindowsException'{0x000000008d6e7a90}> (0x000000008d6e7a90) thrown at [./src/hotspot/share/prims/jni.cpp, line 615]
Event: 776.067 Thread 0x0000017a5b12d800 Exception <a 'sun/nio/fs/WindowsException'{0x000000008d6edf30}> (0x000000008d6edf30) thrown at [./src/hotspot/share/prims/jni.cpp, line 615]
Event: 776.068 Thread 0x0000017a5b12d800 Exception <a 'sun/nio/fs/WindowsException'{0x000000008d6ee8f8}> (0x000000008d6ee8f8) thrown at [./src/hotspot/share/prims/jni.cpp, line 615]
Event: 776.069 Thread 0x0000017a5b12d800 Exception <a 'sun/nio/fs/WindowsException'{0x000000008d6ff9a0}> (0x000000008d6ff9a0) thrown at [./src/hotspot/share/prims/jni.cpp, line 615]
Event: 776.070 Thread 0x0000017a5b12d800 Exception <a 'sun/nio/fs/WindowsException'{0x000000008d5008d0}> (0x000000008d5008d0) thrown at [./src/hotspot/share/prims/jni.cpp, line 615]
Event: 776.070 Thread 0x0000017a5b12d800 Exception <a 'java/lang/NoSuchMethodError'{0x000000008d50b1f0}: 'void java.lang.invoke.DirectMethodHandle$Holder.invokeStatic(java.lang.Object, java.lang.Object, java.lang.Object, java.lang.Object, int, java.lang.Object)'> (0x000000008d50b1f0) thrown at [./src/hotspot/share/interpreter/linkResolver.cpp, line 773]
Event: 780.752 Thread 0x0000017a5b12d800 Exception <a 'sun/nio/fs/WindowsException'{0x000000008c77cdf0}> (0x000000008c77cdf0) thrown at [./src/hotspot/share/prims/jni.cpp, line 615]
Event: 780.753 Thread 0x0000017a5b12d800 Exception <a 'java/lang/NoSuchMethodError'{0x000000008c788da8}: 'java.lang.Object java.lang.invoke.Invokers$Holder.linkToTargetMethod(java.lang.Object, java.lang.Object, java.lang.Object, int, int, java.lang.Object)'> (0x000000008c788da8) thrown at [./src/hotspot/share/interpreter/linkResolver.cpp, line 773]
Event: 781.210 Thread 0x0000017a5b12d800 Exception <a 'sun/nio/fs/WindowsException'{0x000000008b2c7448}> (0x000000008b2c7448) thrown at [./src/hotspot/share/prims/jni.cpp, line 615]
Event: 781.210 Thread 0x0000017a5b12d800 Exception <a 'sun/nio/fs/WindowsException'{0x000000008b2c7530}> (0x000000008b2c7530) thrown at [./src/hotspot/share/prims/jni.cpp, line 615]
Event: 781.221 Thread 0x0000017a5b12d800 Implicit null exception at 0x0000017a4695c52c to 0x0000017a4695c6da
Event: 781.417 Thread 0x0000017a5b12d800 Implicit null exception at 0x0000017a46633954 to 0x0000017a466344e8

Events (20 events):
Event: 781.223 loading class sun/nio/fs/WindowsSecurity
Event: 781.223 loading class sun/nio/fs/WindowsSecurity done
Event: 781.223 loading class sun/nio/fs/WindowsFileStore
Event: 781.224 loading class sun/nio/fs/WindowsFileStore done
Event: 781.227 loading class java/nio/file/AccessDeniedException
Event: 781.227 loading class java/nio/file/AccessDeniedException done
Event: 781.258 loading class java/time/DateTimeException
Event: 781.258 loading class java/time/DateTimeException done
Event: 781.258 loading class java/util/regex/PatternSyntaxException
Event: 781.258 loading class java/util/regex/PatternSyntaxException done
Event: 781.259 loading class java/nio/file/SimpleFileVisitor
Event: 781.259 loading class java/nio/file/SimpleFileVisitor done
Event: 781.261 loading class java/nio/file/ClosedDirectoryStreamException
Event: 781.261 loading class java/nio/file/ClosedDirectoryStreamException done
Event: 781.261 loading class java/nio/file/DirectoryIteratorException
Event: 781.261 loading class java/nio/file/DirectoryIteratorException done
Event: 781.321 loading class com/sun/tools/javac/code/Symbol$PackageSymbol
Event: 781.321 loading class com/sun/tools/javac/code/Symbol$PackageSymbol done
Event: 781.321 loading class com/sun/tools/javac/code/ClassFinder
Event: 781.321 loading class com/sun/tools/javac/code/ClassFinder done


Dynamic libraries:
0x00007ff781cc0000 - 0x00007ff781cca000 	D:\Android\Android Studio\jre\bin\java.exe
0x00007ffd3e1c0000 - 0x00007ffd3e3b0000 	C:\Windows\SYSTEM32\ntdll.dll
0x00007ffd3c960000 - 0x00007ffd3ca12000 	C:\Windows\System32\KERNEL32.DLL
0x00007ffd3bc80000 - 0x00007ffd3bf25000 	C:\Windows\System32\KERNELBASE.dll
0x00007ffd358f0000 - 0x00007ffd3597f000 	C:\Windows\SYSTEM32\apphelp.dll
0x00007ffd3bb80000 - 0x00007ffd3bc7a000 	C:\Windows\System32\ucrtbase.dll
0x00007ffd35bc0000 - 0x00007ffd35bd9000 	D:\Android\Android Studio\jre\bin\jli.dll
0x00007ffd2c3e0000 - 0x00007ffd2c3f7000 	D:\Android\Android Studio\jre\bin\VCRUNTIME140.dll
0x00007ffd3dbf0000 - 0x00007ffd3dd84000 	C:\Windows\System32\USER32.dll
0x00007ffd2f3e0000 - 0x00007ffd2f664000 	C:\Windows\WinSxS\amd64_microsoft.windows.common-controls_6595b64144ccf1df_6.0.18362.1440_none_9e7dbfb9e45e8e67\COMCTL32.dll
0x00007ffd3c030000 - 0x00007ffd3c051000 	C:\Windows\System32\win32u.dll
0x00007ffd3d970000 - 0x00007ffd3da0e000 	C:\Windows\System32\msvcrt.dll
0x00007ffd3da10000 - 0x00007ffd3da36000 	C:\Windows\System32\GDI32.dll
0x00007ffd3b260000 - 0x00007ffd3b3f8000 	C:\Windows\System32\gdi32full.dll
0x00007ffd3d0c0000 - 0x00007ffd3d3f6000 	C:\Windows\System32\combase.dll
0x00007ffd3b160000 - 0x00007ffd3b1fe000 	C:\Windows\System32\msvcp_win.dll
0x00007ffd3d410000 - 0x00007ffd3d52f000 	C:\Windows\System32\RPCRT4.dll
0x00007ffd3bf30000 - 0x00007ffd3bfb1000 	C:\Windows\System32\bcryptPrimitives.dll
0x00007ffd3d920000 - 0x00007ffd3d94e000 	C:\Windows\System32\IMM32.DLL
0x00007ffd00d20000 - 0x00007ffd00dbd000 	D:\Android\Android Studio\jre\bin\msvcp140.dll
0x00007ffcf8a60000 - 0x00007ffcf951c000 	D:\Android\Android Studio\jre\bin\server\jvm.dll
0x00007ffd3d530000 - 0x00007ffd3d5d3000 	C:\Windows\System32\ADVAPI32.dll
0x00007ffd3d020000 - 0x00007ffd3d0b7000 	C:\Windows\System32\sechost.dll
0x00007ffd3e170000 - 0x00007ffd3e178000 	C:\Windows\System32\PSAPI.DLL
0x00007ffd30df0000 - 0x00007ffd30df9000 	C:\Windows\SYSTEM32\WSOCK32.dll
0x00007ffd304a0000 - 0x00007ffd304aa000 	C:\Windows\SYSTEM32\VERSION.dll
0x00007ffd353f0000 - 0x00007ffd35414000 	C:\Windows\SYSTEM32\WINMM.dll
0x00007ffd3de70000 - 0x00007ffd3dedf000 	C:\Windows\System32\WS2_32.dll
0x00007ffd353c0000 - 0x00007ffd353ed000 	C:\Windows\SYSTEM32\winmmbase.dll
0x00007ffd3bfc0000 - 0x00007ffd3c00a000 	C:\Windows\System32\cfgmgr32.dll
0x00007ffd3b080000 - 0x00007ffd3b091000 	C:\Windows\System32\kernel.appcore.dll
0x00007ffd35f40000 - 0x00007ffd35f51000 	D:\Android\Android Studio\jre\bin\verify.dll
0x00007ffd39740000 - 0x00007ffd39934000 	C:\Windows\SYSTEM32\DBGHELP.DLL
0x00007ffd31ca0000 - 0x00007ffd31cca000 	C:\Windows\SYSTEM32\dbgcore.DLL
0x00007ffd2c360000 - 0x00007ffd2c389000 	D:\Android\Android Studio\jre\bin\java.dll
0x00007ffd37920000 - 0x00007ffd3792b000 	D:\Android\Android Studio\jre\bin\jimage.dll
0x00007ffd35be0000 - 0x00007ffd35bf8000 	D:\Android\Android Studio\jre\bin\zip.dll
0x00007ffd3c270000 - 0x00007ffd3c958000 	C:\Windows\System32\SHELL32.dll
0x00007ffd3ca20000 - 0x00007ffd3cac7000 	C:\Windows\System32\shcore.dll
0x00007ffd3b400000 - 0x00007ffd3bb7b000 	C:\Windows\System32\windows.storage.dll
0x00007ffd3b0c0000 - 0x00007ffd3b0de000 	C:\Windows\System32\profapi.dll
0x00007ffd3b0e0000 - 0x00007ffd3b12a000 	C:\Windows\System32\powrprof.dll
0x00007ffd3b070000 - 0x00007ffd3b080000 	C:\Windows\System32\UMPDC.dll
0x00007ffd3cad0000 - 0x00007ffd3cb22000 	C:\Windows\System32\shlwapi.dll
0x00007ffd3c010000 - 0x00007ffd3c027000 	C:\Windows\System32\cryptsp.dll
0x00007ffd33d70000 - 0x00007ffd33d8a000 	D:\Android\Android Studio\jre\bin\net.dll
0x00007ffd339d0000 - 0x00007ffd33aca000 	C:\Windows\SYSTEM32\WINHTTP.dll
0x00007ffd3a850000 - 0x00007ffd3a8b7000 	C:\Windows\system32\mswsock.dll
0x00007ffd312e0000 - 0x00007ffd312f4000 	D:\Android\Android Studio\jre\bin\nio.dll
0x00007ffd01bc0000 - 0x00007ffd01be7000 	C:\Users\progr\.gradle\native\f6784746aeab05261644944871eae4fe03e0ef1612fff0a4a95f87b438bc6780\windows-amd64\native-platform.dll
0x00007ffd37480000 - 0x00007ffd3748a000 	D:\Android\Android Studio\jre\bin\management.dll
0x00007ffd37310000 - 0x00007ffd3731c000 	D:\Android\Android Studio\jre\bin\management_ext.dll
0x00007ffd3a3d0000 - 0x00007ffd3a403000 	C:\Windows\system32\rsaenh.dll
0x00007ffd3b130000 - 0x00007ffd3b156000 	C:\Windows\System32\bcrypt.dll
0x00007ffd3af90000 - 0x00007ffd3afb5000 	C:\Windows\SYSTEM32\USERENV.dll
0x00007ffd3aa20000 - 0x00007ffd3aa2c000 	C:\Windows\SYSTEM32\CRYPTBASE.dll
0x00007ffd3a560000 - 0x00007ffd3a59a000 	C:\Windows\SYSTEM32\IPHLPAPI.DLL
0x00007ffd3de60000 - 0x00007ffd3de68000 	C:\Windows\System32\NSI.dll
0x00007ffd33300000 - 0x00007ffd33316000 	C:\Windows\SYSTEM32\dhcpcsvc6.DLL
0x00007ffd332e0000 - 0x00007ffd332fc000 	C:\Windows\SYSTEM32\dhcpcsvc.DLL
0x00007ffd3a5a0000 - 0x00007ffd3a66b000 	C:\Windows\SYSTEM32\DNSAPI.dll
0x00007ffd333a0000 - 0x00007ffd333ab000 	C:\Windows\SYSTEM32\WINNSI.DLL
0x00007ffd283b0000 - 0x00007ffd283d7000 	D:\Android\Android Studio\jre\bin\sunec.dll
0x00007ffd35ae0000 - 0x00007ffd35aea000 	C:\Windows\System32\rasadhlp.dll
0x00007ffd327a0000 - 0x00007ffd32817000 	C:\Windows\System32\fwpuclnt.dll

dbghelp: loaded successfully - version: 4.0.5 - missing functions: none
symbol engine: initialized successfully - sym options: 0x614 - pdb path: .;D:\Android\Android Studio\jre\bin;C:\Windows\SYSTEM32;C:\Windows\WinSxS\amd64_microsoft.windows.common-controls_6595b64144ccf1df_6.0.18362.1440_none_9e7dbfb9e45e8e67;D:\Android\Android Studio\jre\bin\server;C:\Users\progr\.gradle\native\f6784746aeab05261644944871eae4fe03e0ef1612fff0a4a95f87b438bc6780\windows-amd64

VM Arguments:
jvm_args: --add-opens=java.base/java.util=ALL-UNNAMED --add-opens=java.base/java.lang=ALL-UNNAMED --add-opens=java.base/java.lang.invoke=ALL-UNNAMED --add-opens=java.prefs/java.util.prefs=ALL-UNNAMED -Xmx2048m -Dfile.encoding=UTF-8 -Duser.country=RU -Duser.language=ru -Duser.variant 
java_command: org.gradle.launcher.daemon.bootstrap.GradleDaemon 6.5
java_class_path (initial): C:\Users\progr\.gradle\wrapper\dists\gradle-6.5-bin\6nifqtx7604sqp1q6g8wikw7p\gradle-6.5\lib\gradle-launcher-6.5.jar
Launcher Type: SUN_STANDARD

[Global flags]
     intx CICompilerCount                          = 4                                         {product} {ergonomic}
     uint ConcGCThreads                            = 2                                         {product} {ergonomic}
     uint G1ConcRefinementThreads                  = 8                                         {product} {ergonomic}
   size_t G1HeapRegionSize                         = 1048576                                   {product} {ergonomic}
    uintx GCDrainStackTargetSize                   = 64                                        {product} {ergonomic}
   size_t InitialHeapSize                          = 251658240                                 {product} {ergonomic}
   size_t MarkStackSize                            = 4194304                                   {product} {ergonomic}
   size_t MaxHeapSize                              = 2147483648                                {product} {command line}
   size_t MaxNewSize                               = 1287651328                                {product} {ergonomic}
   size_t MinHeapDeltaBytes                        = 1048576                                   {product} {ergonomic}
    uintx NonNMethodCodeHeapSize                   = 5836300                                {pd product} {ergonomic}
    uintx NonProfiledCodeHeapSize                  = 122910970                              {pd product} {ergonomic}
    uintx ProfiledCodeHeapSize                     = 122910970                              {pd product} {ergonomic}
    uintx ReservedCodeCacheSize                    = 251658240                              {pd product} {ergonomic}
     bool SegmentedCodeCache                       = true                                      {product} {ergonomic}
     bool UseCompressedClassPointers               = true                                 {lp64_product} {ergonomic}
     bool UseCompressedOops                        = true                                 {lp64_product} {ergonomic}
     bool UseG1GC                                  = true                                      {product} {ergonomic}
     bool UseLargePagesIndividualAllocation        = false                                  {pd product} {ergonomic}

Logging:
Log output configuration:
 #0: stdout all=warning uptime,level,tags
 #1: stderr all=off uptime,level,tags

Environment Variables:
PATH=C:\ProgramData\Oracle\Java\javapath;C:\Windows\system32;C:\Windows;C:\Windows\System32\Wbem;C:\Windows\System32\WindowsPowerShell\v1.0\;C:\Windows\System32\OpenSSH\;C:\Program Files\Git\cmd;C:\Program Files\dotnet\;C:\Program Files (x86)\dotnet\;C:\Users\progr\AppData\Local\Microsoft\WindowsApps;C:\MinGW\bin;C:\Users\progr\.dotnet\tools;D:\Microsoft VS Code\bin;D:\flutter\bin;C:\Users\progr\AppData\Local\atom\bin
USERNAME=progr
OS=Windows_NT
PROCESSOR_IDENTIFIER=AMD64 Family 23 Model 24 Stepping 1, AuthenticAMD



---------------  S Y S T E M  ---------------

OS: Windows 10 , 64 bit Build 18362 (10.0.18362.1350)
OS uptime: 24 days 0:27 hours

CPU:total 8 (initial active 8) (8 cores per cpu, 2 threads per core) family 23 model 24 stepping 1, cmov, cx8, fxsr, mmx, sse, sse2, sse3, ssse3, sse4.1, sse4.2, popcnt, avx, avx2, aes, clmul, mmxext, 3dnowpref, lzcnt, sse4a, ht, tsc, tscinvbit, tscinv, bmi1, bmi2, adx, sha, fma

Memory: 4k page, system-wide physical 15297M (3877M free)
TotalPageFile size 20252M (AvailPageFile size 4M)
current process WorkingSet (physical memory assigned to process): 583M, peak: 598M
current process commit charge ("private bytes"): 623M, peak: 817M

vm_info: OpenJDK 64-Bit Server VM (11.0.8+10-b944.6842174) for windows-amd64 JRE (11.0.8+10-b944.6842174), built on Sep 19 2020 01:11:42 by "builder" with MS VC++ 14.0 (VS2015)

END.
